2026-05-07 19:49:49,259 - INFO - SYNC STARTED -> users
2026-05-07 19:49:49,260 - INFO - SELECT u.id, u.email, u.password, u.activated, u.banned, u.modified, u.created, p.first_name, p.last_name, p.job_title, p.role, p.department FROM users u LEFT JOIN user_profiles p ON u.id = p.id
                            WHERE u.modified > :last_sync
                        
2026-05-07 19:49:49,261 - INFO - ROWS FETCHED: 0
2026-05-07 19:49:49,261 - INFO - NO NEW ROWS -> users
2026-05-07 19:49:49,261 - INFO - SYNC STARTED -> clients
2026-05-07 19:49:49,261 - INFO - SELECT c.id, c.name, c.code, c.address, c.country, c.assigned_to, c.contact_first_name, c.contact_last_name, c.contact_email, c.contact_office_no, c.contact_mobile_no, c.contact_designation, c.billing_name, c.billing_email, c.billing_address, c.billing_terms, c.status, c.created_by, c.modified_by, c.created_on, c.modified_on FROM clients c
                            WHERE c.modified_on > :last_sync
                        
2026-05-07 19:49:49,263 - INFO - ROWS FETCHED: 0
2026-05-07 19:49:49,263 - INFO - NO NEW ROWS -> clients
2026-05-07 19:49:49,263 - INFO - SYNC STARTED -> vendors
2026-05-07 19:49:49,263 - INFO - SELECT v.id, v.name, v.code, v.address, v.country, v.assigned_to, v.contact_first_name, v.contact_last_name, v.contact_email, v.contact_office_no, v.contact_mobile_no, v.contact_designation, v.billing_name, v.billing_email, v.billing_address, v.billing_terms, v.status, v.created_by, v.modified_by, v.created_on, v.modified_on FROM vendors v
                            WHERE v.modified_on > :last_sync
                        
2026-05-07 19:49:49,264 - INFO - ROWS FETCHED: 0
2026-05-07 19:49:49,264 - INFO - NO NEW ROWS -> vendors
2026-05-07 19:49:49,264 - INFO - SYNC STARTED -> campaigns
2026-05-07 19:49:49,264 - INFO - SELECT c.id, c.code, c.name, c.type, c.delivery_mode, c.delivery_method, c.client, c.status, c.start_date, c.end_date, c.allocation, c.delivered, c.accepted, c.rejected, c.currency, c.cpl, c.priority, c.comments, c.created_by, c.modified_by, c.created_on, c.modified_on FROM campaigns c
                            WHERE c.modified_on > :last_sync
                        
2026-05-07 19:49:49,265 - INFO - ROWS FETCHED: 0
2026-05-07 19:49:49,265 - INFO - NO NEW ROWS -> campaigns
2026-05-07 19:50:14,048 - INFO - SYNC STARTED -> users
2026-05-07 19:50:14,050 - INFO - SELECT u.id, u.email, u.password, u.activated, u.banned, u.modified, u.created, p.first_name, p.last_name, p.job_title, p.role, p.department FROM users u LEFT JOIN user_profiles p ON u.id = p.id
                            WHERE u.modified > :last_sync
                        
2026-05-07 19:50:14,053 - INFO - ROWS FETCHED: 0
2026-05-07 19:50:14,053 - INFO - NO NEW ROWS -> users
2026-05-07 19:50:14,053 - INFO - SYNC STARTED -> clients
2026-05-07 19:50:14,053 - INFO - SELECT c.id, c.name, c.code, c.address, c.country, c.assigned_to, c.contact_first_name, c.contact_last_name, c.contact_email, c.contact_office_no, c.contact_mobile_no, c.contact_designation, c.billing_name, c.billing_email, c.billing_address, c.billing_terms, c.status, c.created_by, c.modified_by, c.created_on, c.modified_on FROM clients c
                            WHERE c.modified_on > :last_sync
                        
2026-05-07 19:50:14,055 - INFO - ROWS FETCHED: 0
2026-05-07 19:50:14,055 - INFO - NO NEW ROWS -> clients
2026-05-07 19:50:14,055 - INFO - SYNC STARTED -> vendors
2026-05-07 19:50:14,055 - INFO - SELECT v.id, v.name, v.code, v.address, v.country, v.assigned_to, v.contact_first_name, v.contact_last_name, v.contact_email, v.contact_office_no, v.contact_mobile_no, v.contact_designation, v.billing_name, v.billing_email, v.billing_address, v.billing_terms, v.status, v.created_by, v.modified_by, v.created_on, v.modified_on FROM vendors v
                            WHERE v.modified_on > :last_sync
                        
2026-05-07 19:50:14,056 - INFO - ROWS FETCHED: 0
2026-05-07 19:50:14,056 - INFO - NO NEW ROWS -> vendors
2026-05-07 19:50:14,056 - INFO - SYNC STARTED -> campaigns
2026-05-07 19:50:14,057 - INFO - SELECT c.id, c.code, c.name, c.type, c.delivery_mode, c.delivery_method, c.client, c.status, c.start_date, c.end_date, c.allocation, c.delivered, c.accepted, c.rejected, c.currency, c.cpl, c.priority, c.comments, c.created_by, c.modified_by, c.created_on, c.modified_on FROM campaigns c
2026-05-07 19:50:14,061 - INFO - ROWS FETCHED: 66
2026-05-07 19:50:14,062 - INFO - 
                        INSERT INTO "campaigns"
                        (id, campaign_code, campaign_name, campaign_type, delivery_mode, delivery_method, client_id, status, start_date, end_date, total_allocation, total_delivered, total_accepted, total_rejected, currency, cpl, priority, comment, created_by, updated_by, created_at, updated_at)
                        VALUES (:id, :campaign_code, :campaign_name, :campaign_type, :delivery_mode, :delivery_method, :client_id, :status, :start_date, :end_date, :total_allocation, :total_delivered, :total_accepted, :total_rejected, :currency, :cpl, :priority, :comment, :created_by, :updated_by, :created_at, :updated_at)

                        ON CONFLICT (id)

                        DO UPDATE SET
                        campaign_code = EXCLUDED.campaign_code, campaign_name = EXCLUDED.campaign_name, campaign_type = EXCLUDED.campaign_type, delivery_mode = EXCLUDED.delivery_mode, delivery_method = EXCLUDED.delivery_method, client_id = EXCLUDED.client_id, status = EXCLUDED.status, start_date = EXCLUDED.start_date, end_date = EXCLUDED.end_date, total_allocation = EXCLUDED.total_allocation, total_delivered = EXCLUDED.total_delivered, total_accepted = EXCLUDED.total_accepted, total_rejected = EXCLUDED.total_rejected, currency = EXCLUDED.currency, cpl = EXCLUDED.cpl, priority = EXCLUDED.priority, comment = EXCLUDED.comment, created_by = EXCLUDED.created_by, updated_by = EXCLUDED.updated_by, created_at = EXCLUDED.created_at, updated_at = EXCLUDED.updated_at
                    
2026-05-07 19:50:14,081 - INFO - SYNC COMPLETED -> campaigns
