2026-05-07 17:17:11,905 - INFO - SYNC STARTED -> users_list
2026-05-07 17:17:11,908 - INFO - SELECT u.id, u.email, u.password, u.activated, u.banned, u.modified, u.created, p.first_name, p.last_name, p.job_title, p.role, p.department FROM users u LEFT JOIN user_profiles p ON u.id = p.id
                            WHERE u.modified > :last_sync
                        
2026-05-07 17:17:11,912 - INFO - ROWS FETCHED: 0
2026-05-07 17:17:11,912 - INFO - NO NEW ROWS -> users_list
2026-05-07 17:17:27,919 - INFO - SYNC STARTED -> users_list
2026-05-07 17:17:27,920 - INFO - SELECT u.id, u.email, u.password, u.activated, u.banned, u.modified, u.created, p.first_name, p.last_name, p.job_title, p.role, p.department FROM users u LEFT JOIN user_profiles p ON u.id = p.id
                            WHERE u.modified > :last_sync
                        
2026-05-07 17:17:27,922 - INFO - ROWS FETCHED: 0
2026-05-07 17:17:27,922 - INFO - NO NEW ROWS -> users_list
2026-05-07 17:17:27,922 - INFO - SYNC STARTED -> campaign_data
2026-05-07 17:17:27,923 - ERROR - SYNC FAILED -> campaign_data
2026-05-07 17:17:27,923 - ERROR - (psycopg2.errors.UndefinedColumn) column "code" does not exist
LINE 2:             SELECT id, code
                               ^

[SQL: 
            SELECT id, code
            FROM clients
        ]
(Background on this error at: https://sqlalche.me/e/20/f405)
