2026-05-12 18:52:50,997 - INFO - SYNC STARTED -> users
2026-05-12 18:52:50,999 - INFO - SELECT u.id, u.email, u.password, u.activated, u.banned, u.modified, u.created, p.first_name, p.last_name, p.job_title, p.role, p.department FROM users u LEFT JOIN user_profiles p ON u.id = p.id
                            WHERE u.modified > :last_sync
                        
2026-05-12 18:52:51,015 - INFO - ROWS FETCHED: 0
2026-05-12 18:52:51,016 - INFO - NO NEW ROWS -> users
2026-05-12 18:52:51,016 - INFO - SYNC STARTED -> clients
2026-05-12 18:52:51,016 - INFO - SELECT c.id, c.name, c.code, c.address, c.country, c.assigned_to, c.contact_first_name, c.contact_last_name, c.contact_email, c.contact_office_no, c.contact_mobile_no, c.contact_designation, c.billing_name, c.billing_email, c.billing_address, c.billing_terms, c.status, c.created_by, c.modified_by, c.created_on, c.modified_on FROM clients c
                            WHERE c.modified_on > :last_sync
                        
2026-05-12 18:52:51,020 - INFO - ROWS FETCHED: 0
2026-05-12 18:52:51,020 - INFO - NO NEW ROWS -> clients
2026-05-12 18:52:51,020 - INFO - SYNC STARTED -> vendors
2026-05-12 18:52:51,020 - INFO - SELECT v.id, v.name, v.code, v.address, v.country, v.assigned_to, v.contact_first_name, v.contact_last_name, v.contact_email, v.contact_office_no, v.contact_mobile_no, v.contact_designation, v.billing_name, v.billing_email, v.billing_address, v.billing_terms, v.status, v.created_by, v.modified_by, v.created_on, v.modified_on FROM vendors v
                            WHERE v.modified_on > :last_sync
                        
2026-05-12 18:52:51,023 - INFO - ROWS FETCHED: 0
2026-05-12 18:52:51,023 - INFO - NO NEW ROWS -> vendors
2026-05-12 18:52:51,023 - INFO - SYNC STARTED -> campaigns
2026-05-12 18:52:51,024 - INFO - SELECT c.id, c.code, c.name, c.type, c.delivery_mode, c.delivery_method, c.client, c.status, c.start_date, c.end_date, c.allocation, c.delivered, c.accepted, c.rejected, c.currency, c.cpl, c.priority, c.comments, c.created_by, c.modified_by, c.created_on, c.modified_on FROM campaigns c
                            WHERE c.modified_on > :last_sync
                        
2026-05-12 18:52:51,028 - INFO - ROWS FETCHED: 4
2026-05-12 18:52:51,028 - INFO - 
                        INSERT INTO "campaigns"
                        (id, campaign_code, campaign_name, campaign_type, delivery_mode, delivery_method, client_id, status, start_date, end_date, total_allocation, total_delivered, total_accepted, total_rejected, currency, cpl, priority, comment, created_by, updated_by, created_at, updated_at)
                        VALUES (:id, :campaign_code, :campaign_name, :campaign_type, :delivery_mode, :delivery_method, :client_id, :status, :start_date, :end_date, :total_allocation, :total_delivered, :total_accepted, :total_rejected, :currency, :cpl, :priority, :comment, :created_by, :updated_by, :created_at, :updated_at)

                        ON CONFLICT (id)

                        DO UPDATE SET
                        campaign_code = EXCLUDED.campaign_code, campaign_name = EXCLUDED.campaign_name, campaign_type = EXCLUDED.campaign_type, delivery_mode = EXCLUDED.delivery_mode, delivery_method = EXCLUDED.delivery_method, client_id = EXCLUDED.client_id, status = EXCLUDED.status, start_date = EXCLUDED.start_date, end_date = EXCLUDED.end_date, total_allocation = EXCLUDED.total_allocation, total_delivered = EXCLUDED.total_delivered, total_accepted = EXCLUDED.total_accepted, total_rejected = EXCLUDED.total_rejected, currency = EXCLUDED.currency, cpl = EXCLUDED.cpl, priority = EXCLUDED.priority, comment = EXCLUDED.comment, created_by = EXCLUDED.created_by, updated_by = EXCLUDED.updated_by, created_at = EXCLUDED.created_at, updated_at = EXCLUDED.updated_at
                    
2026-05-12 18:52:51,037 - INFO - SYNC COMPLETED -> campaigns
2026-05-12 18:52:51,037 - INFO - SYNC STARTED -> campaign_segment_batches
2026-05-12 18:52:51,037 - INFO - SELECT csb.id, csb.campaign_id, csb.segment_id, csb.dataops_valid, csb.dataops_invalid, csb.dataops_total, csb.email_valid, csb.email_invalid, csb.email_total, csb.quality_valid, csb.quality_invalid, csb.quality_total, csb.dbr_valid, csb.dbr_invalid, csb.dbr_total, csb.vv_valid, csb.vv_invalid, csb.vv_total, csb.mis_valid, csb.mis_invalid, csb.mis_total, csb.priority, csb.batch_status, csb.created_by, csb.completed_at, csb.created_at, csb.updated_at FROM campaign_segment_batch csb
                            WHERE csb.updated_at > :last_sync
                        
2026-05-12 18:52:51,046 - INFO - ROWS FETCHED: 229
2026-05-12 18:52:51,049 - INFO - 
                        INSERT INTO "campaign_segment_batches"
                        (batch_code, campaign_code, segment_code, dataops_valid, dataops_invalid, dataops_total, email_valid, email_invalid, email_total, quality_valid, quality_invalid, quality_total, dbr_valid, dbr_invalid, dbr_total, vv_valid, vv_invalid, vv_total, mis_valid, mis_invalid, mis_total, priority, status, created_by, completed_at, created_at, updated_at)
                        VALUES (:batch_code, :campaign_code, :segment_code, :dataops_valid, :dataops_invalid, :dataops_total, :email_valid, :email_invalid, :email_total, :quality_valid, :quality_invalid, :quality_total, :dbr_valid, :dbr_invalid, :dbr_total, :vv_valid, :vv_invalid, :vv_total, :mis_valid, :mis_invalid, :mis_total, :priority, :status, :created_by, :completed_at, :created_at, :updated_at)

                        ON CONFLICT (id)

                        DO UPDATE SET
                        batch_code = EXCLUDED.batch_code, campaign_code = EXCLUDED.campaign_code, segment_code = EXCLUDED.segment_code, dataops_valid = EXCLUDED.dataops_valid, dataops_invalid = EXCLUDED.dataops_invalid, dataops_total = EXCLUDED.dataops_total, email_valid = EXCLUDED.email_valid, email_invalid = EXCLUDED.email_invalid, email_total = EXCLUDED.email_total, quality_valid = EXCLUDED.quality_valid, quality_invalid = EXCLUDED.quality_invalid, quality_total = EXCLUDED.quality_total, dbr_valid = EXCLUDED.dbr_valid, dbr_invalid = EXCLUDED.dbr_invalid, dbr_total = EXCLUDED.dbr_total, vv_valid = EXCLUDED.vv_valid, vv_invalid = EXCLUDED.vv_invalid, vv_total = EXCLUDED.vv_total, mis_valid = EXCLUDED.mis_valid, mis_invalid = EXCLUDED.mis_invalid, mis_total = EXCLUDED.mis_total, priority = EXCLUDED.priority, status = EXCLUDED.status, created_by = EXCLUDED.created_by, completed_at = EXCLUDED.completed_at, created_at = EXCLUDED.created_at, updated_at = EXCLUDED.updated_at
                    
2026-05-12 18:52:51,057 - ERROR - SYNC FAILED -> campaign_segment_batches
2026-05-12 18:52:51,057 - ERROR - (psycopg2.errors.UniqueViolation) duplicate key value violates unique constraint "ix_campaign_segment_batches_batch_code"
DETAIL:  Key (batch_code)=(00003D) already exists.

[SQL: 
                        INSERT INTO "campaign_segment_batches"
                        (batch_code, campaign_code, segment_code, dataops_valid, dataops_invalid, dataops_total, email_valid, email_invalid, email_total, quality_valid, quality_invalid, quality_total, dbr_valid, dbr_invalid, dbr_total, vv_valid, vv_invalid, vv_total, mis_valid, mis_invalid, mis_total, priority, status, created_by, completed_at, created_at, updated_at)
                        VALUES (%(batch_code)s, %(campaign_code)s, %(segment_code)s, %(dataops_valid)s, %(dataops_invalid)s, %(dataops_total)s, %(email_valid)s, %(email_invalid)s, %(email_total)s, %(quality_valid)s, %(quality_invalid)s, %(quality_total)s, %(dbr_valid)s, %(dbr_invalid)s, %(dbr_total)s, %(vv_valid)s, %(vv_invalid)s, %(vv_total)s, %(mis_valid)s, %(mis_invalid)s, %(mis_total)s, %(priority)s, %(status)s, %(created_by)s, %(completed_at)s, %(created_at)s, %(updated_at)s)

                        ON CONFLICT (id)

                        DO UPDATE SET
                        batch_code = EXCLUDED.batch_code, campaign_code = EXCLUDED.campaign_code, segment_code = EXCLUDED.segment_code, dataops_valid = EXCLUDED.dataops_valid, dataops_invalid = EXCLUDED.dataops_invalid, dataops_total = EXCLUDED.dataops_total, email_valid = EXCLUDED.email_valid, email_invalid = EXCLUDED.email_invalid, email_total = EXCLUDED.email_total, quality_valid = EXCLUDED.quality_valid, quality_invalid = EXCLUDED.quality_invalid, quality_total = EXCLUDED.quality_total, dbr_valid = EXCLUDED.dbr_valid, dbr_invalid = EXCLUDED.dbr_invalid, dbr_total = EXCLUDED.dbr_total, vv_valid = EXCLUDED.vv_valid, vv_invalid = EXCLUDED.vv_invalid, vv_total = EXCLUDED.vv_total, mis_valid = EXCLUDED.mis_valid, mis_invalid = EXCLUDED.mis_invalid, mis_total = EXCLUDED.mis_total, priority = EXCLUDED.priority, status = EXCLUDED.status, created_by = EXCLUDED.created_by, completed_at = EXCLUDED.completed_at, created_at = EXCLUDED.created_at, updated_at = EXCLUDED.updated_at
                    ]
[parameters: [{'batch_code': '00003D', 'campaign_code': 'PV01_240326_0054', 'segment_code': '0006S', 'dataops_valid': 38, 'dataops_invalid': 0, 'dataops_total': 38, 'email_valid': 16, 'email_invalid': 22, 'email_total': 38, 'quality_valid': 6, 'quality_invalid': 10, 'quality_total': 16, 'dbr_valid': 6, 'dbr_invalid': 0, 'dbr_total': 6, 'vv_valid': 12, 'vv_invalid': 0, 'vv_total': 12, 'mis_valid': 3, 'mis_invalid': 15, 'mis_total': 18, 'priority': 'medium', 'status': 'Completed', 'created_by': 29, 'completed_at': None, 'created_at': datetime.datetime(2026, 3, 25, 5, 51, 1), 'updated_at': datetime.datetime(2026, 5, 12, 12, 7, 21)}, {'batch_code': '00003E', 'campaign_code': 'PV01_240326_0054', 'segment_code': '0006T', 'dataops_valid': 100, 'dataops_invalid': 0, 'dataops_total': 100, 'email_valid': 47, 'email_invalid': 53, 'email_total': 100, 'quality_valid': 16, 'quality_invalid': 32, 'quality_total': 48, 'dbr_valid': 18, 'dbr_invalid': 0, 'dbr_total': 18, 'vv_valid': 30, 'vv_invalid': 0, 'vv_total': 30, 'mis_valid': 3, 'mis_invalid': 45, 'mis_total': 48, 'priority': 'medium', 'status': 'Completed', 'created_by': 29, 'completed_at': None, 'created_at': datetime.datetime(2026, 3, 25, 5, 54, 1), 'updated_at': datetime.datetime(2026, 5, 12, 12, 7, 21)}, {'batch_code': '00003F', 'campaign_code': 'PV01_240326_0054', 'segment_code': '0006U', 'dataops_valid': 60, 'dataops_invalid': 0, 'dataops_total': 60, 'email_valid': 20, 'email_invalid': 40, 'email_total': 60, 'quality_valid': 9, 'quality_invalid': 12, 'quality_total': 21, 'dbr_valid': 9, 'dbr_invalid': 0, 'dbr_total': 9, 'vv_valid': 18, 'vv_invalid': 0, 'vv_total': 18, 'mis_valid': 3, 'mis_invalid': 24, 'mis_total': 27, 'priority': 'medium', 'status': 'Completed', 'created_by': 29, 'completed_at': None, 'created_at': datetime.datetime(2026, 3, 25, 5, 57, 2), 'updated_at': datetime.datetime(2026, 5, 12, 12, 7, 21)}, {'batch_code': '00003G', 'campaign_code': 'PV01_240326_0054', 'segment_code': '0006V', 'dataops_valid': 411, 'dataops_invalid': 0, 'dataops_total': 411, 'email_valid': 378, 'email_invalid': 33, 'email_total': 411, 'quality_valid': 211, 'quality_invalid': 200, 'quality_total': 411, 'dbr_valid': 351, 'dbr_invalid': 0, 'dbr_total': 351, 'vv_valid': 282, 'vv_invalid': 0, 'vv_total': 282, 'mis_valid': 293, 'mis_invalid': 340, 'mis_total': 633, 'priority': 'medium', 'status': 'Completed', 'created_by': 29, 'completed_at': None, 'created_at': datetime.datetime(2026, 3, 25, 6, 3, 2), 'updated_at': datetime.datetime(2026, 5, 12, 12, 7, 21)}, {'batch_code': '00003H', 'campaign_code': 'PV01_240326_0054', 'segment_code': '0006W', 'dataops_valid': 575, 'dataops_invalid': 0, 'dataops_total': 575, 'email_valid': 508, 'email_invalid': 67, 'email_total': 575, 'quality_valid': 205, 'quality_invalid': 303, 'quality_total': 508, 'dbr_valid': 313, 'dbr_invalid': 0, 'dbr_total': 313, 'vv_valid': 302, 'vv_invalid': 0, 'vv_total': 302, 'mis_valid': 240, 'mis_invalid': 375, 'mis_total': 615, 'priority': 'medium', 'status': 'Completed', 'created_by': 29, 'completed_at': None, 'created_at': datetime.datetime(2026, 3, 25, 6, 5, 1), 'updated_at': datetime.datetime(2026, 5, 12, 12, 7, 21)}, {'batch_code': '00003I', 'campaign_code': 'PV01_240326_0054', 'segment_code': '0006X', 'dataops_valid': 333, 'dataops_invalid': 0, 'dataops_total': 333, 'email_valid': 301, 'email_invalid': 32, 'email_total': 333, 'quality_valid': 116, 'quality_invalid': 185, 'quality_total': 301, 'dbr_valid': 216, 'dbr_invalid': 0, 'dbr_total': 216, 'vv_valid': 132, 'vv_invalid': 0, 'vv_total': 132, 'mis_valid': 176, 'mis_invalid': 172, 'mis_total': 348, 'priority': 'medium', 'status': 'Completed', 'created_by': 29, 'completed_at': None, 'created_at': datetime.datetime(2026, 3, 25, 6, 11, 1), 'updated_at': datetime.datetime(2026, 5, 12, 12, 7, 21)}, {'batch_code': '00003J', 'campaign_code': 'PV01_240326_0054', 'segment_code': '0006P', 'dataops_valid': 39, 'dataops_invalid': 0, 'dataops_total': 39, 'email_valid': 38, 'email_invalid': 1, 'email_total': 39, 'quality_valid': 13, 'quality_invalid': 25, 'quality_total': 38, 'dbr_valid': 26, 'dbr_invalid': 0, 'dbr_total': 26, 'vv_valid': 13, 'vv_invalid': 0, 'vv_total': 13, 'mis_valid': 22, 'mis_invalid': 17, 'mis_total': 39, 'priority': 'medium', 'status': 'Completed', 'created_by': 8, 'completed_at': None, 'created_at': datetime.datetime(2026, 3, 25, 7, 14, 1), 'updated_at': datetime.datetime(2026, 5, 12, 12, 7, 21)}, {'batch_code': '00003K', 'campaign_code': 'PV01_240326_0054', 'segment_code': '0006Q', 'dataops_valid': 140, 'dataops_invalid': 0, 'dataops_total': 140, 'email_valid': 132, 'email_invalid': 8, 'email_total': 140, 'quality_valid': 35, 'quality_invalid': 100, 'quality_total': 135, 'dbr_valid': 70, 'dbr_invalid': 0, 'dbr_total': 70, 'vv_valid': 35, 'vv_invalid': 0, 'vv_total': 35, 'mis_valid': 63, 'mis_invalid': 42, 'mis_total': 105, 'priority': 'medium', 'status': 'Completed', 'created_by': 8, 'completed_at': None, 'created_at': datetime.datetime(2026, 3, 25, 7, 15, 2), 'updated_at': datetime.datetime(2026, 5, 12, 12, 7, 21)}  ... displaying 10 of 229 total bound parameter sets ...  {'batch_code': '0000DP', 'campaign_code': 'PV01_310326_0057', 'segment_code': '00075', 'dataops_valid': 177, 'dataops_invalid': 0, 'dataops_total': 177, 'email_valid': 157, 'email_invalid': 20, 'email_total': 177, 'quality_valid': 0, 'quality_invalid': 0, 'quality_total': 0, 'dbr_valid': 0, 'dbr_invalid': 0, 'dbr_total': 0, 'vv_valid': 0, 'vv_invalid': 0, 'vv_total': 0, 'mis_valid': 0, 'mis_invalid': 0, 'mis_total': 0, 'priority': 'medium', 'status': 'Completed', 'created_by': 30, 'completed_at': None, 'created_at': datetime.datetime(2026, 5, 12, 11, 52, 2), 'updated_at': datetime.datetime(2026, 5, 12, 13, 18, 6)}, {'batch_code': '0000DQ', 'campaign_code': 'PV01_240326_0054', 'segment_code': '0006U', 'dataops_valid': 46, 'dataops_invalid': 0, 'dataops_total': 46, 'email_valid': 0, 'email_invalid': 0, 'email_total': 0, 'quality_valid': 0, 'quality_invalid': 0, 'quality_total': 0, 'dbr_valid': 0, 'dbr_invalid': 0, 'dbr_total': 0, 'vv_valid': 0, 'vv_invalid': 0, 'vv_total': 0, 'mis_valid': 0, 'mis_invalid': 0, 'mis_total': 0, 'priority': 'medium', 'status': 'Completed', 'created_by': 18, 'completed_at': None, 'created_at': datetime.datetime(2026, 5, 12, 12, 40, 2), 'updated_at': datetime.datetime(2026, 5, 12, 12, 40, 2)}]]
(Background on this error at: https://sqlalche.me/e/20/gkpj)
2026-05-12 18:52:51,057 - INFO - SYNC STARTED -> campaign_segment_batch_transactions
2026-05-12 18:52:51,057 - INFO - SELECT csbt.id, csbt.batch_id, csbt.email, csbt.email_hash, csbt.vendor_code, csbt.salutation, csbt.first_name, csbt.last_name, csbt.tal_company_name, csbt.li_company_name, csbt.domain, csbt.job_title, csbt.job_level, csbt.job_department, csbt.work_phone, csbt.headquarter_phone, csbt.contact_li_profile, csbt.address1, csbt.address2, csbt.city, csbt.state, csbt.zip_code, csbt.country, csbt.industry, csbt.sub_industry, csbt.sic_code, csbt.naics_code, csbt.employee_count, csbt.employee_range, csbt.revenue_count, csbt.revenue_range, csbt.company_li_profile, csbt.source, csbt.installbase_technology, csbt.email_validation_status, csbt.dataops_agent, csbt.dataops_timestamp, csbt.email_status, csbt.email_reason, csbt.asset1, csbt.asset2, csbt.ip_address, csbt.email_time_tool, csbt.email_agent, csbt.email_timestamp, csbt.quality_status, csbt.quality_reason, csbt.quality_agent, csbt.quality_timestamp, csbt.work_experience, csbt.activity, csbt.comments, csbt.dbr_status, csbt.dbr_reason, csbt.dbr_agent, csbt.dbr_timestamp, csbt.vv_number, csbt.vv_disposition, csbt.vv_agent, csbt.vv_timestamp, csbt.mis_status, csbt.mis_reason, csbt.mis_agent, csbt.mis_timestamp, csbt.is_deleted, csbt.created_at, csbt.updated_at FROM campaign_segment_batch_transactions csbt
                            WHERE csbt.updated_at > :last_sync
                        
2026-05-12 18:52:53,392 - INFO - ROWS FETCHED: 38405
2026-05-12 18:52:54,523 - INFO - 
                        INSERT INTO "campaign_segment_batch_transactions"
                        (id, batch_code, email, email_hash, vendor_code, salutation, first_name, last_name, tal_company_name, li_company_name, domain, job_title, job_level, job_department, work_phone, headquarter_phone, contact_li_profile, address1, address2, city, state, zip_code, country, industry, sub_industry, sic_code, naics_code, employee_count, employee_range, revenue_count, revenue_range, company_li_profile, source, installbase_technology, email_validation_status, dataops_agent, dataops_timestamp, email_status, email_reason, asset1, asset2, ip_address, email_time_tool, email_agent, email_timestamp, quality_status, quality_reason, quality_agent, quality_timestamp, work_experience, activity, comments, dbr_status, dbr_reason, dbr_agent, dbr_timestamp, vv_number, vv_disposition, vv_agent, vv_timestamp, mis_status, mis_reason, mis_agent, mis_timestamp, is_deleted, created_at, updated_at)
                        VALUES (:id, :batch_code, :email, :email_hash, :vendor_code, :salutation, :first_name, :last_name, :tal_company_name, :li_company_name, :domain, :job_title, :job_level, :job_department, :work_phone, :headquarter_phone, :contact_li_profile, :address1, :address2, :city, :state, :zip_code, :country, :industry, :sub_industry, :sic_code, :naics_code, :employee_count, :employee_range, :revenue_count, :revenue_range, :company_li_profile, :source, :installbase_technology, :email_validation_status, :dataops_agent, :dataops_timestamp, :email_status, :email_reason, :asset1, :asset2, :ip_address, :email_time_tool, :email_agent, :email_timestamp, :quality_status, :quality_reason, :quality_agent, :quality_timestamp, :work_experience, :activity, :comments, :dbr_status, :dbr_reason, :dbr_agent, :dbr_timestamp, :vv_number, :vv_disposition, :vv_agent, :vv_timestamp, :mis_status, :mis_reason, :mis_agent, :mis_timestamp, :is_deleted, :created_at, :updated_at)

                        ON CONFLICT (id)

                        DO UPDATE SET
                        batch_code = EXCLUDED.batch_code, email = EXCLUDED.email, email_hash = EXCLUDED.email_hash, vendor_code = EXCLUDED.vendor_code, salutation = EXCLUDED.salutation, first_name = EXCLUDED.first_name, last_name = EXCLUDED.last_name, tal_company_name = EXCLUDED.tal_company_name, li_company_name = EXCLUDED.li_company_name, domain = EXCLUDED.domain, job_title = EXCLUDED.job_title, job_level = EXCLUDED.job_level, job_department = EXCLUDED.job_department, work_phone = EXCLUDED.work_phone, headquarter_phone = EXCLUDED.headquarter_phone, contact_li_profile = EXCLUDED.contact_li_profile, address1 = EXCLUDED.address1, address2 = EXCLUDED.address2, city = EXCLUDED.city, state = EXCLUDED.state, zip_code = EXCLUDED.zip_code, country = EXCLUDED.country, industry = EXCLUDED.industry, sub_industry = EXCLUDED.sub_industry, sic_code = EXCLUDED.sic_code, naics_code = EXCLUDED.naics_code, employee_count = EXCLUDED.employee_count, employee_range = EXCLUDED.employee_range, revenue_count = EXCLUDED.revenue_count, revenue_range = EXCLUDED.revenue_range, company_li_profile = EXCLUDED.company_li_profile, source = EXCLUDED.source, installbase_technology = EXCLUDED.installbase_technology, email_validation_status = EXCLUDED.email_validation_status, dataops_agent = EXCLUDED.dataops_agent, dataops_timestamp = EXCLUDED.dataops_timestamp, email_status = EXCLUDED.email_status, email_reason = EXCLUDED.email_reason, asset1 = EXCLUDED.asset1, asset2 = EXCLUDED.asset2, ip_address = EXCLUDED.ip_address, email_time_tool = EXCLUDED.email_time_tool, email_agent = EXCLUDED.email_agent, email_timestamp = EXCLUDED.email_timestamp, quality_status = EXCLUDED.quality_status, quality_reason = EXCLUDED.quality_reason, quality_agent = EXCLUDED.quality_agent, quality_timestamp = EXCLUDED.quality_timestamp, work_experience = EXCLUDED.work_experience, activity = EXCLUDED.activity, comments = EXCLUDED.comments, dbr_status = EXCLUDED.dbr_status, dbr_reason = EXCLUDED.dbr_reason, dbr_agent = EXCLUDED.dbr_agent, dbr_timestamp = EXCLUDED.dbr_timestamp, vv_number = EXCLUDED.vv_number, vv_disposition = EXCLUDED.vv_disposition, vv_agent = EXCLUDED.vv_agent, vv_timestamp = EXCLUDED.vv_timestamp, mis_status = EXCLUDED.mis_status, mis_reason = EXCLUDED.mis_reason, mis_agent = EXCLUDED.mis_agent, mis_timestamp = EXCLUDED.mis_timestamp, is_deleted = EXCLUDED.is_deleted, created_at = EXCLUDED.created_at, updated_at = EXCLUDED.updated_at
                    
2026-05-12 18:53:08,400 - INFO - SYNC COMPLETED -> campaign_segment_batch_transactions
2026-05-12 18:53:08,400 - INFO - SYNC STARTED -> sentinel_jobs
2026-05-12 18:53:08,400 - INFO - SELECT sj.id, sj.job_type, sj.department, sj.campaign_ids, sj.segment_ids, sj.batch_ids, sj.file_name, sj.file_path, sj.file_hash, sj.status, sj.priority, sj.attempts, sj.max_attempts, sj.created_at, sj.started_at, sj.completed_at, sj.output_file_name, sj.output_file_path, sj.invalid_file_name, sj.invalid_file_path, sj.error_message, sj.created_by FROM sentinel_jobs sj
                            WHERE sj.created_at > :last_sync
                        
2026-05-12 18:53:08,419 - INFO - ROWS FETCHED: 154
2026-05-12 18:53:08,456 - INFO - 
                        INSERT INTO "sentinel_jobs"
                        (id, job_type, department, campaign_codes, segment_codes, batch_codes, file_name, file_path, file_hash, status, priority, attempts, max_attempts, output_file_name, output_file_path, invalid_file_name, invalid_file_path, error_message, completed_at, started_at, created_at, created_by)
                        VALUES (:id, :job_type, :department, :campaign_codes, :segment_codes, :batch_codes, :file_name, :file_path, :file_hash, :status, :priority, :attempts, :max_attempts, :output_file_name, :output_file_path, :invalid_file_name, :invalid_file_path, :error_message, :completed_at, :started_at, :created_at, :created_by)

                        ON CONFLICT (id)

                        DO UPDATE SET
                        job_type = EXCLUDED.job_type, department = EXCLUDED.department, campaign_codes = EXCLUDED.campaign_codes, segment_codes = EXCLUDED.segment_codes, batch_codes = EXCLUDED.batch_codes, file_name = EXCLUDED.file_name, file_path = EXCLUDED.file_path, file_hash = EXCLUDED.file_hash, status = EXCLUDED.status, priority = EXCLUDED.priority, attempts = EXCLUDED.attempts, max_attempts = EXCLUDED.max_attempts, output_file_name = EXCLUDED.output_file_name, output_file_path = EXCLUDED.output_file_path, invalid_file_name = EXCLUDED.invalid_file_name, invalid_file_path = EXCLUDED.invalid_file_path, error_message = EXCLUDED.error_message, completed_at = EXCLUDED.completed_at, started_at = EXCLUDED.started_at, created_at = EXCLUDED.created_at, created_by = EXCLUDED.created_by
                    
2026-05-12 18:53:08,482 - INFO - SYNC COMPLETED -> sentinel_jobs
2026-05-12 18:53:08,482 - INFO - SYNC STARTED -> sentinel_activity_logs
2026-05-12 18:53:08,482 - INFO - SELECT sal.id, sal.user_id, sal.job_id, sal.user_role, sal.department, sal.activity_type, sal.campaign_ids, sal.segment_ids, sal.batch_ids, sal.batch_status, sal.total_rows, sal.valid_rows, sal.invalid_rows, sal.file_name, sal.file_path, sal.file_link, sal.action_source, sal.remarks, sal.created_at FROM sentinel_activity_log sal
                            WHERE sal.created_at > :last_sync
                        
2026-05-12 18:53:08,490 - INFO - ROWS FETCHED: 591
2026-05-12 18:53:08,493 - INFO - 
                        INSERT INTO "sentinel_activity_logs"
                        (id, user_id, job_id, user_role, department, activity_type, campaign_codes, segment_codes, batch_codes, batch_status, total_rows, valid_rows, invalid_rows, file_name, file_path, file_link, action_source, remarks, created_at)
                        VALUES (:id, :user_id, :job_id, :user_role, :department, :activity_type, :campaign_codes, :segment_codes, :batch_codes, :batch_status, :total_rows, :valid_rows, :invalid_rows, :file_name, :file_path, :file_link, :action_source, :remarks, :created_at)

                        ON CONFLICT (id)

                        DO UPDATE SET
                        user_id = EXCLUDED.user_id, job_id = EXCLUDED.job_id, user_role = EXCLUDED.user_role, department = EXCLUDED.department, activity_type = EXCLUDED.activity_type, campaign_codes = EXCLUDED.campaign_codes, segment_codes = EXCLUDED.segment_codes, batch_codes = EXCLUDED.batch_codes, batch_status = EXCLUDED.batch_status, total_rows = EXCLUDED.total_rows, valid_rows = EXCLUDED.valid_rows, invalid_rows = EXCLUDED.invalid_rows, file_name = EXCLUDED.file_name, file_path = EXCLUDED.file_path, file_link = EXCLUDED.file_link, action_source = EXCLUDED.action_source, remarks = EXCLUDED.remarks, created_at = EXCLUDED.created_at
                    
2026-05-12 18:53:08,556 - INFO - SYNC COMPLETED -> sentinel_activity_logs
2026-05-12 18:53:08,556 - INFO - SYNC STARTED -> sentinel_agent_productivity
2026-05-12 18:53:08,556 - INFO - SELECT sap.id, sap.agent_id, sap.agent_email, sap.department, sap.campaign_id, sap.segment_id, sap.batch_id, sap.total_rows, sap.valid_rows, sap.invalid_rows, sap.work_date, sap.derived_from, sap.created_at FROM sentinel_agent_productivity sap
                            WHERE sap.created_at > :last_sync
                        
2026-05-12 18:53:08,569 - INFO - ROWS FETCHED: 794
2026-05-12 18:53:08,572 - INFO - 
                        INSERT INTO "sentinel_agent_productivity"
                        (id, agent_id, agent_email, department, campaign_code, segment_code, batch_code, total_rows, valid_rows, invalid_rows, work_date, derived_from, created_at)
                        VALUES (:id, :agent_id, :agent_email, :department, :campaign_code, :segment_code, :batch_code, :total_rows, :valid_rows, :invalid_rows, :work_date, :derived_from, :created_at)

                        ON CONFLICT (id)

                        DO UPDATE SET
                        agent_id = EXCLUDED.agent_id, agent_email = EXCLUDED.agent_email, department = EXCLUDED.department, campaign_code = EXCLUDED.campaign_code, segment_code = EXCLUDED.segment_code, batch_code = EXCLUDED.batch_code, total_rows = EXCLUDED.total_rows, valid_rows = EXCLUDED.valid_rows, invalid_rows = EXCLUDED.invalid_rows, work_date = EXCLUDED.work_date, derived_from = EXCLUDED.derived_from, created_at = EXCLUDED.created_at
                    
2026-05-12 18:53:08,642 - INFO - SYNC COMPLETED -> sentinel_agent_productivity
2026-05-12 18:53:08,642 - INFO - SYNC STARTED -> dispositions
2026-05-12 18:53:08,642 - INFO - SELECT d.id, d.call_disposition, d.status, d.sentinel_status, d.date_entered, d.date_modified, d.created_by, d.modified_by, d.deleted, d.churnable FROM dispositions d
                            WHERE d.date_modified > :last_sync
                        
2026-05-12 18:53:08,643 - INFO - ROWS FETCHED: 0
2026-05-12 18:53:08,643 - INFO - NO NEW ROWS -> dispositions
2026-05-12 18:53:08,643 - INFO - SYNC STARTED -> campaign_segments
2026-05-12 18:53:08,644 - INFO - SELECT cs.id, cs.campaign_id, cs.title, cs.segment_start_date, cs.segment_end_date, cs.allocation, cs.delivered, cs.accepted, cs.rejected, cs.status, cs.deleted, cs.created_by, cs.modified_by, cs.created_on, cs.modified_on FROM campaign_segments cs
                            WHERE cs.modified_on > :last_sync
                        
2026-05-12 18:53:08,645 - INFO - ROWS FETCHED: 11
2026-05-12 18:53:08,645 - INFO - 
                        INSERT INTO "campaign_segments"
                        (segment_code, campaign_id, title, segment_start_date, segment_end_date, allocation, delivered, accepted, rejected, status, is_deleted, created_by, updated_by, created_at, updated_at)
                        VALUES (:segment_code, :campaign_id, :title, :segment_start_date, :segment_end_date, :allocation, :delivered, :accepted, :rejected, :status, :is_deleted, :created_by, :updated_by, :created_at, :updated_at)

                        ON CONFLICT (id)

                        DO UPDATE SET
                        segment_code = EXCLUDED.segment_code, campaign_id = EXCLUDED.campaign_id, title = EXCLUDED.title, segment_start_date = EXCLUDED.segment_start_date, segment_end_date = EXCLUDED.segment_end_date, allocation = EXCLUDED.allocation, delivered = EXCLUDED.delivered, accepted = EXCLUDED.accepted, rejected = EXCLUDED.rejected, status = EXCLUDED.status, is_deleted = EXCLUDED.is_deleted, created_by = EXCLUDED.created_by, updated_by = EXCLUDED.updated_by, created_at = EXCLUDED.created_at, updated_at = EXCLUDED.updated_at
                    
2026-05-12 18:53:08,646 - ERROR - SYNC FAILED -> campaign_segments
2026-05-12 18:53:08,646 - ERROR - (psycopg2.errors.UniqueViolation) duplicate key value violates unique constraint "ix_campaign_segments_segment_code"
DETAIL:  Key (segment_code)=(00022) already exists.

[SQL: 
                        INSERT INTO "campaign_segments"
                        (segment_code, campaign_id, title, segment_start_date, segment_end_date, allocation, delivered, accepted, rejected, status, is_deleted, created_by, updated_by, created_at, updated_at)
                        VALUES (%(segment_code)s, %(campaign_id)s, %(title)s, %(segment_start_date)s, %(segment_end_date)s, %(allocation)s, %(delivered)s, %(accepted)s, %(rejected)s, %(status)s, %(is_deleted)s, %(created_by)s, %(updated_by)s, %(created_at)s, %(updated_at)s)

                        ON CONFLICT (id)

                        DO UPDATE SET
                        segment_code = EXCLUDED.segment_code, campaign_id = EXCLUDED.campaign_id, title = EXCLUDED.title, segment_start_date = EXCLUDED.segment_start_date, segment_end_date = EXCLUDED.segment_end_date, allocation = EXCLUDED.allocation, delivered = EXCLUDED.delivered, accepted = EXCLUDED.accepted, rejected = EXCLUDED.rejected, status = EXCLUDED.status, is_deleted = EXCLUDED.is_deleted, created_by = EXCLUDED.created_by, updated_by = EXCLUDED.updated_by, created_at = EXCLUDED.created_at, updated_at = EXCLUDED.updated_at
                    ]
[parameters: [{'segment_code': '00022', 'campaign_id': 36, 'title': 'Cohesity (25Q4) NAM - COMM - FR - Security', 'segment_start_date': datetime.date(2026, 1, 28), 'segment_end_date': datetime.date(2026, 2, 20), 'allocation': 25, 'delivered': 25, 'accepted': 10, 'rejected': 0, 'status': 'Completed', 'is_deleted': False, 'created_by': 3, 'updated_by': 3, 'created_at': datetime.datetime(2026, 1, 28, 11, 32, 29), 'updated_at': datetime.datetime(2026, 5, 11, 16, 22, 6)}, {'segment_code': '00023', 'campaign_id': 36, 'title': 'Cohesity (25Q4) NAM - COMM - UK - Security', 'segment_start_date': datetime.date(2026, 1, 28), 'segment_end_date': datetime.date(2026, 2, 20), 'allocation': 80, 'delivered': 80, 'accepted': 56, 'rejected': 0, 'status': 'Completed', 'is_deleted': False, 'created_by': 7, 'updated_by': 3, 'created_at': datetime.datetime(2026, 1, 28, 12, 14, 12), 'updated_at': datetime.datetime(2026, 5, 11, 16, 22, 6)}, {'segment_code': '00024', 'campaign_id': 36, 'title': 'Cohesity (25Q4) NAM - COMM - CA - Security', 'segment_start_date': datetime.date(2026, 1, 28), 'segment_end_date': datetime.date(2026, 2, 20), 'allocation': 15, 'delivered': 15, 'accepted': 14, 'rejected': 0, 'status': 'Completed', 'is_deleted': False, 'created_by': 7, 'updated_by': 3, 'created_at': datetime.datetime(2026, 1, 28, 12, 14, 12), 'updated_at': datetime.datetime(2026, 5, 11, 16, 22, 6)}, {'segment_code': '00026', 'campaign_id': 37, 'title': 'SecurityScorecard (26Q1) - ANZ', 'segment_start_date': datetime.date(2026, 1, 30), 'segment_end_date': datetime.date(2026, 3, 23), 'allocation': 63, 'delivered': 136, 'accepted': 63, 'rejected': 0, 'status': 'Completed', 'is_deleted': False, 'created_by': 7, 'updated_by': 3, 'created_at': datetime.datetime(2026, 1, 30, 11, 20, 54), 'updated_at': datetime.datetime(2026, 5, 11, 16, 23, 33)}, {'segment_code': '00029', 'campaign_id': 38, 'title': 'Dell US (26Q1) MB MSFT BANT', 'segment_start_date': datetime.date(2026, 1, 30), 'segment_end_date': datetime.date(2026, 2, 20), 'allocation': 705, 'delivered': 1896, 'accepted': 595, 'rejected': 1301, 'status': 'Completed', 'is_deleted': False, 'created_by': 7, 'updated_by': 3, 'created_at': datetime.datetime(2026, 1, 30, 12, 48, 2), 'updated_at': datetime.datetime(2026, 5, 11, 16, 24, 40)}, {'segment_code': '0002A', 'campaign_id': 39, 'title': 'Dell US (26Q1) SB Intel L3 Partial BANT', 'segment_start_date': datetime.date(2026, 1, 30), 'segment_end_date': datetime.date(2026, 2, 20), 'allocation': 1284, 'delivered': 3026, 'accepted': 1033, 'rejected': 1959, 'status': 'Completed', 'is_deleted': False, 'created_by': 7, 'updated_by': 3, 'created_at': datetime.datetime(2026, 1, 30, 12, 50, 2), 'updated_at': datetime.datetime(2026, 5, 11, 16, 25, 20)}, {'segment_code': '00037', 'campaign_id': 37, 'title': 'SecurityScorecard (26Q1) - Indonesia', 'segment_start_date': datetime.date(2026, 1, 30), 'segment_end_date': datetime.date(2026, 3, 23), 'allocation': 62, 'delivered': 109, 'accepted': 62, 'rejected': 0, 'status': 'Completed', 'is_deleted': False, 'created_by': 7, 'updated_by': 3, 'created_at': datetime.datetime(2026, 2, 26, 15, 41, 47), 'updated_at': datetime.datetime(2026, 5, 11, 16, 23, 33)}, {'segment_code': '00038', 'campaign_id': 37, 'title': 'SecurityScorecard (26Q1) - Malaysia', 'segment_start_date': datetime.date(2026, 1, 30), 'segment_end_date': datetime.date(2026, 3, 23), 'allocation': 31, 'delivered': 86, 'accepted': 31, 'rejected': 0, 'status': 'Completed', 'is_deleted': False, 'created_by': 7, 'updated_by': 3, 'created_at': datetime.datetime(2026, 2, 26, 15, 41, 47), 'updated_at': datetime.datetime(2026, 5, 11, 16, 23, 33)}  ... displaying 10 of 11 total bound parameter sets ...  {'segment_code': '0003A', 'campaign_id': 37, 'title': 'SecurityScorecard (26Q1) - India', 'segment_start_date': datetime.date(2026, 1, 30), 'segment_end_date': datetime.date(2026, 3, 23), 'allocation': 32, 'delivered': 56, 'accepted': 32, 'rejected': 0, 'status': 'Completed', 'is_deleted': False, 'created_by': 7, 'updated_by': 3, 'created_at': datetime.datetime(2026, 2, 26, 15, 41, 47), 'updated_at': datetime.datetime(2026, 5, 11, 16, 23, 33)}, {'segment_code': '0003B', 'campaign_id': 37, 'title': 'SecurityScorecard (26Q1) - Sri Lanka', 'segment_start_date': datetime.date(2026, 1, 30), 'segment_end_date': datetime.date(2026, 3, 23), 'allocation': 31, 'delivered': 41, 'accepted': 31, 'rejected': 0, 'status': 'Completed', 'is_deleted': False, 'created_by': 7, 'updated_by': 3, 'created_at': datetime.datetime(2026, 2, 26, 15, 41, 47), 'updated_at': datetime.datetime(2026, 5, 11, 16, 23, 33)}]]
(Background on this error at: https://sqlalche.me/e/20/gkpj)
