2026-05-08 14:08:04,313 - INFO - SYNC STARTED -> users
2026-05-08 14:08:04,314 - INFO - SELECT u.id, u.email, u.password, u.activated, u.banned, u.modified, u.created, p.first_name, p.last_name, p.job_title, p.role, p.department FROM users u LEFT JOIN user_profiles p ON u.id = p.id
                            WHERE u.modified > :last_sync
                        
2026-05-08 14:08:04,322 - INFO - ROWS FETCHED: 0
2026-05-08 14:08:04,322 - INFO - NO NEW ROWS -> users
2026-05-08 14:08:04,323 - INFO - SYNC STARTED -> clients
2026-05-08 14:08:04,323 - INFO - SELECT c.id, c.name, c.code, c.address, c.country, c.assigned_to, c.contact_first_name, c.contact_last_name, c.contact_email, c.contact_office_no, c.contact_mobile_no, c.contact_designation, c.billing_name, c.billing_email, c.billing_address, c.billing_terms, c.status, c.created_by, c.modified_by, c.created_on, c.modified_on FROM clients c
                            WHERE c.modified_on > :last_sync
                        
2026-05-08 14:08:04,324 - INFO - ROWS FETCHED: 0
2026-05-08 14:08:04,324 - INFO - NO NEW ROWS -> clients
2026-05-08 14:08:04,324 - INFO - SYNC STARTED -> vendors
2026-05-08 14:08:04,324 - INFO - SELECT v.id, v.name, v.code, v.address, v.country, v.assigned_to, v.contact_first_name, v.contact_last_name, v.contact_email, v.contact_office_no, v.contact_mobile_no, v.contact_designation, v.billing_name, v.billing_email, v.billing_address, v.billing_terms, v.status, v.created_by, v.modified_by, v.created_on, v.modified_on FROM vendors v
                            WHERE v.modified_on > :last_sync
                        
2026-05-08 14:08:04,325 - INFO - ROWS FETCHED: 0
2026-05-08 14:08:04,326 - INFO - NO NEW ROWS -> vendors
2026-05-08 14:08:04,326 - INFO - SYNC STARTED -> campaigns
2026-05-08 14:08:04,327 - INFO - SELECT c.id, c.code, c.name, c.type, c.delivery_mode, c.delivery_method, c.client, c.status, c.start_date, c.end_date, c.allocation, c.delivered, c.accepted, c.rejected, c.currency, c.cpl, c.priority, c.comments, c.created_by, c.modified_by, c.created_on, c.modified_on FROM campaigns c
                            WHERE c.modified_on > :last_sync
                        
2026-05-08 14:08:04,329 - INFO - ROWS FETCHED: 0
2026-05-08 14:08:04,329 - INFO - NO NEW ROWS -> campaigns
2026-05-08 14:08:04,329 - INFO - SYNC STARTED -> campaign_segments
2026-05-08 14:08:04,330 - INFO - SELECT cs.id, cs.campaign_id, cs.title, cs.segment_start_date, cs.segment_end_date, cs.allocation, cs.delivered, cs.accepted, cs.rejected, cs.status, cs.deleted, cs.created_by, cs.modified_by, cs.created_on, cs.modified_on FROM campaign_segments cs
                            WHERE cs.modified_on > :last_sync
                        
2026-05-08 14:08:04,333 - INFO - ROWS FETCHED: 0
2026-05-08 14:08:04,333 - INFO - NO NEW ROWS -> campaign_segments
2026-05-08 14:08:04,333 - INFO - SYNC STARTED -> campaign_segment_batches
2026-05-08 14:08:04,333 - INFO - SELECT csb.id, csb.campaign_id, csb.segment_id, csb.dataops_valid, csb.dataops_invalid, csb.dataops_total, csb.email_valid, csb.email_invalid, csb.email_total, csb.quality_valid, csb.quality_invalid, csb.quality_total, csb.dbr_valid, csb.dbr_invalid, csb.dbr_total, csb.vv_valid, csb.vv_invalid, csb.vv_total, csb.mis_valid, csb.mis_invalid, csb.mis_total, csb.priority, csb.batch_status, csb.created_by, csb.completed_at, csb.created_at, csb.updated_at FROM campaign_segment_batch csb
                            WHERE csb.updated_at > :last_sync
                        
2026-05-08 14:08:04,335 - INFO - ROWS FETCHED: 0
2026-05-08 14:08:04,335 - INFO - NO NEW ROWS -> campaign_segment_batches
2026-05-08 14:08:04,335 - INFO - SYNC STARTED -> campaign_segment_batch_transactions
2026-05-08 14:08:04,335 - INFO - SELECT csbt.id, csbt.batch_id, csbt.email, csbt.email_hash, csbt.vendor_code, csbt.salutation, csbt.first_name, csbt.last_name, csbt.tal_company_name, csbt.li_company_name, csbt.domain, csbt.job_title, csbt.job_level, csbt.job_department, csbt.work_phone, csbt.headquarter_phone, csbt.contact_li_profile, csbt.address1, csbt.address2, csbt.city, csbt.state, csbt.zip_code, csbt.country, csbt.industry, csbt.sub_industry, csbt.sic_code, csbt.naics_code, csbt.employee_count, csbt.employee_range, csbt.revenue_count, csbt.revenue_range, csbt.company_li_profile, csbt.source, csbt.installbase_technology, csbt.email_validation_status, csbt.dataops_agent, csbt.dataops_timestamp, csbt.email_status, csbt.email_reason, csbt.asset1, csbt.asset2, csbt.ip_address, csbt.email_time_tool, csbt.email_agent, csbt.email_timestamp, csbt.quality_status, csbt.quality_reason, csbt.quality_agent, csbt.quality_timestamp, csbt.work_experience, csbt.activity, csbt.comments, csbt.dbr_status, csbt.dbr_reason, csbt.dbr_agent, csbt.dbr_timestamp, csbt.vv_number, csbt.vv_disposition, csbt.vv_agent, csbt.vv_timestamp, csbt.mis_status, csbt.mis_reason, csbt.mis_agent, csbt.mis_timestamp, csbt.is_deleted, csbt.created_at, csbt.updated_at FROM campaign_segment_batch_transactions csbt
                            WHERE csbt.updated_at > :last_sync
                        
2026-05-08 14:08:04,624 - INFO - ROWS FETCHED: 0
2026-05-08 14:08:04,624 - INFO - NO NEW ROWS -> campaign_segment_batch_transactions
2026-05-08 14:08:04,624 - INFO - SYNC STARTED -> sentinel_jobs
2026-05-08 14:08:04,624 - INFO - SELECT sj.id, sj.job_type, sj.department, sj.campaign_ids, sj.segment_ids, sj.batch_ids, sj.file_name, sj.file_path, sj.file_hash, sj.status, sj.priority, sj.attempts, sj.max_attempts, sj.created_at, sj.started_at, sj.completed_at, sj.output_file_name, sj.output_file_path, sj.invalid_file_name, sj.invalid_file_path, sj.error_message, sj.created_by FROM sentinel_jobs sj
                            WHERE sj.created_at > :last_sync
                        
2026-05-08 14:08:04,632 - INFO - ROWS FETCHED: 0
2026-05-08 14:08:04,632 - INFO - NO NEW ROWS -> sentinel_jobs
2026-05-08 14:08:04,632 - INFO - SYNC STARTED -> sentinel_jobs
2026-05-08 14:08:04,632 - INFO - SELECT sj.id, sj.job_type, sj.department, sj.campaign_ids, sj.segment_ids, sj.batch_ids, sj.file_name, sj.file_path, sj.file_hash, sj.status, sj.priority, sj.attempts, sj.max_attempts, sj.created_at, sj.started_at, sj.completed_at, sj.output_file_name, sj.output_file_path, sj.invalid_file_name, sj.invalid_file_path, sj.error_message, sj.created_by FROM sentinel_jobs sj
                            WHERE sj.created_at > :last_sync
                        
2026-05-08 14:08:04,633 - INFO - ROWS FETCHED: 0
2026-05-08 14:08:04,634 - INFO - NO NEW ROWS -> sentinel_jobs
2026-05-08 14:08:04,634 - INFO - SYNC STARTED -> sentinel_activity_log
2026-05-08 14:08:04,634 - INFO - SELECT sal.id, sal.user_id, sal.job_id, sal.user_role, sal.department, sal.activity_type, sal.campaign_ids, sal.segment_ids, sal.batch_ids, sal.batch_status, sal.total_rows, sal.valid_rows, sal.invalid_rows, sal.file_name, sal.file_path, sal.file_link, sal.action_source, sal.remarks, sal.created_at FROM sentinel_activity_log sal
2026-05-08 14:08:04,737 - INFO - ROWS FETCHED: 3768
2026-05-08 14:08:04,768 - INFO - 
                        INSERT INTO "sentinel_activity_log"
                        (id, user_id, job_id, user_role, department, activity_type, campaign_ids, segment_ids, batch_ids, batch_status, total_rows, valid_rows, invalid_rows, file_name, file_path, file_link, action_source, remarks, created_at)
                        VALUES (:id, :user_id, :job_id, :user_role, :department, :activity_type, :campaign_ids, :segment_ids, :batch_ids, :batch_status, :total_rows, :valid_rows, :invalid_rows, :file_name, :file_path, :file_link, :action_source, :remarks, :created_at)

                        ON CONFLICT (id)

                        DO UPDATE SET
                        user_id = EXCLUDED.user_id, job_id = EXCLUDED.job_id, user_role = EXCLUDED.user_role, department = EXCLUDED.department, activity_type = EXCLUDED.activity_type, campaign_ids = EXCLUDED.campaign_ids, segment_ids = EXCLUDED.segment_ids, batch_ids = EXCLUDED.batch_ids, batch_status = EXCLUDED.batch_status, total_rows = EXCLUDED.total_rows, valid_rows = EXCLUDED.valid_rows, invalid_rows = EXCLUDED.invalid_rows, file_name = EXCLUDED.file_name, file_path = EXCLUDED.file_path, file_link = EXCLUDED.file_link, action_source = EXCLUDED.action_source, remarks = EXCLUDED.remarks, created_at = EXCLUDED.created_at
                    
2026-05-08 14:08:04,844 - ERROR - SYNC FAILED -> sentinel_activity_log
2026-05-08 14:08:04,845 - ERROR - (psycopg2.errors.UndefinedTable) relation "sentinel_activity_log" does not exist
LINE 2:                         INSERT INTO "sentinel_activity_log"
                                            ^

[SQL: 
                        INSERT INTO "sentinel_activity_log"
                        (id, user_id, job_id, user_role, department, activity_type, campaign_ids, segment_ids, batch_ids, batch_status, total_rows, valid_rows, invalid_rows, file_name, file_path, file_link, action_source, remarks, created_at)
                        VALUES (%(id)s, %(user_id)s, %(job_id)s, %(user_role)s, %(department)s, %(activity_type)s, %(campaign_ids)s, %(segment_ids)s, %(batch_ids)s, %(batch_status)s, %(total_rows)s, %(valid_rows)s, %(invalid_rows)s, %(file_name)s, %(file_path)s, %(file_link)s, %(action_source)s, %(remarks)s, %(created_at)s)

                        ON CONFLICT (id)

                        DO UPDATE SET
                        user_id = EXCLUDED.user_id, job_id = EXCLUDED.job_id, user_role = EXCLUDED.user_role, department = EXCLUDED.department, activity_type = EXCLUDED.activity_type, campaign_ids = EXCLUDED.campaign_ids, segment_ids = EXCLUDED.segment_ids, batch_ids = EXCLUDED.batch_ids, batch_status = EXCLUDED.batch_status, total_rows = EXCLUDED.total_rows, valid_rows = EXCLUDED.valid_rows, invalid_rows = EXCLUDED.invalid_rows, file_name = EXCLUDED.file_name, file_path = EXCLUDED.file_path, file_link = EXCLUDED.file_link, action_source = EXCLUDED.action_source, remarks = EXCLUDED.remarks, created_at = EXCLUDED.created_at
                    ]
[parameters: [{'id': 1, 'user_id': 4, 'job_id': None, 'user_role': None, 'department': 'DataOps', 'activity_type': 'Download', 'campaign_ids': '["PV01_281025_0008"]', 'segment_ids': '["00008"]', 'batch_ids': '[""]', 'batch_status': 'In Process', 'total_rows': 0, 'valid_rows': 0, 'invalid_rows': 0, 'file_name': None, 'file_path': None, 'file_link': None, 'action_source': 'UI', 'remarks': 'Business Data Download', 'created_at': datetime.datetime(2026, 2, 23, 17, 43, 50)}, {'id': 2, 'user_id': 4, 'job_id': None, 'user_role': None, 'department': 'Email', 'activity_type': 'Download', 'campaign_ids': '["PV01_281025_0008"]', 'segment_ids': '["00008"]', 'batch_ids': '[""]', 'batch_status': 'In Process', 'total_rows': 0, 'valid_rows': 0, 'invalid_rows': 0, 'file_name': None, 'file_path': None, 'file_link': None, 'action_source': 'UI', 'remarks': 'Business Data Download', 'created_at': datetime.datetime(2026, 2, 23, 17, 43, 53)}, {'id': 3, 'user_id': 4, 'job_id': None, 'user_role': None, 'department': 'DataOps', 'activity_type': 'Download', 'campaign_ids': '["PV01_281025_0005"]', 'segment_ids': '["00005"]', 'batch_ids': '[""]', 'batch_status': 'In Process', 'total_rows': 0, 'valid_rows': 0, 'invalid_rows': 0, 'file_name': None, 'file_path': None, 'file_link': None, 'action_source': 'UI', 'remarks': 'Business Data Download', 'created_at': datetime.datetime(2026, 2, 23, 17, 44, 40)}, {'id': 4, 'user_id': 0, 'job_id': None, 'user_role': None, 'department': 'Quality', 'activity_type': 'Download', 'campaign_ids': '["PV01_271025_0003"]', 'segment_ids': '["00003"]', 'batch_ids': '[""]', 'batch_status': 'In Process', 'total_rows': 0, 'valid_rows': 0, 'invalid_rows': 0, 'file_name': None, 'file_path': None, 'file_link': None, 'action_source': 'UI', 'remarks': 'Business Data Download', 'created_at': datetime.datetime(2026, 2, 23, 18, 0, 29)}, {'id': 5, 'user_id': 0, 'job_id': None, 'user_role': None, 'department': 'Quality', 'activity_type': 'Download', 'campaign_ids': '["PV01_271025_0003"]', 'segment_ids': '["00003"]', 'batch_ids': '[""]', 'batch_status': 'In Process', 'total_rows': 0, 'valid_rows': 0, 'invalid_rows': 0, 'file_name': None, 'file_path': None, 'file_link': None, 'action_source': 'UI', 'remarks': 'Business Data Download', 'created_at': datetime.datetime(2026, 2, 23, 18, 0, 29)}, {'id': 6, 'user_id': 0, 'job_id': None, 'user_role': None, 'department': 'Email', 'activity_type': 'Download', 'campaign_ids': '["PV01_271025_0001"]', 'segment_ids': '["00001"]', 'batch_ids': '[""]', 'batch_status': 'In Process', 'total_rows': 0, 'valid_rows': 0, 'invalid_rows': 0, 'file_name': None, 'file_path': None, 'file_link': None, 'action_source': 'UI', 'remarks': 'Business Data Download', 'created_at': datetime.datetime(2026, 2, 23, 18, 0, 29)}, {'id': 7, 'user_id': 0, 'job_id': None, 'user_role': None, 'department': 'Quality', 'activity_type': 'Download', 'campaign_ids': '["PV01_271025_0002"]', 'segment_ids': '["00002"]', 'batch_ids': '[""]', 'batch_status': 'In Process', 'total_rows': 0, 'valid_rows': 0, 'invalid_rows': 0, 'file_name': None, 'file_path': None, 'file_link': None, 'action_source': 'UI', 'remarks': 'Business Data Download', 'created_at': datetime.datetime(2026, 2, 23, 18, 0, 29)}, {'id': 8, 'user_id': 0, 'job_id': None, 'user_role': None, 'department': 'DataOps', 'activity_type': 'Download', 'campaign_ids': '["PV01_271025_0001"]', 'segment_ids': '["00001"]', 'batch_ids': '[""]', 'batch_status': 'In Process', 'total_rows': 0, 'valid_rows': 0, 'invalid_rows': 0, 'file_name': None, 'file_path': None, 'file_link': None, 'action_source': 'UI', 'remarks': 'Business Data Download', 'created_at': datetime.datetime(2026, 2, 23, 18, 0, 30)}  ... displaying 10 of 3768 total bound parameter sets ...  {'id': 3767, 'user_id': 28, 'job_id': 1128, 'user_role': None, 'department': 'Email', 'activity_type': 'Process_Complete', 'campaign_ids': '["PV01_270426_0061"]', 'segment_ids': '["0007F"]', 'batch_ids': '["0000CH"]', 'batch_status': 'In Process', 'total_rows': 69, 'valid_rows': 69, 'invalid_rows': 0, 'file_name': None, 'file_path': None, 'file_link': None, 'action_source': 'CRON', 'remarks': 'Processed job 1128', 'created_at': datetime.datetime(2026, 5, 7, 14, 34, 3)}, {'id': 3768, 'user_id': 28, 'job_id': None, 'user_role': None, 'department': 'Email', 'activity_type': 'Download', 'campaign_ids': '["PV01_270426_0061"]', 'segment_ids': '["0007F"]', 'batch_ids': '[""]', 'batch_status': 'In Process', 'total_rows': 0, 'valid_rows': 0, 'invalid_rows': 0, 'file_name': None, 'file_path': None, 'file_link': None, 'action_source': 'UI', 'remarks': 'Business Data Download', 'created_at': datetime.datetime(2026, 5, 7, 14, 36, 40)}]]
(Background on this error at: https://sqlalche.me/e/20/f405)
2026-05-08 14:10:58,117 - INFO - SYNC STARTED -> users
2026-05-08 14:10:58,121 - INFO - SELECT u.id, u.email, u.password, u.activated, u.banned, u.modified, u.created, p.first_name, p.last_name, p.job_title, p.role, p.department FROM users u LEFT JOIN user_profiles p ON u.id = p.id
                            WHERE u.modified > :last_sync
                        
2026-05-08 14:10:58,128 - INFO - ROWS FETCHED: 0
2026-05-08 14:10:58,128 - INFO - NO NEW ROWS -> users
2026-05-08 14:10:58,128 - INFO - SYNC STARTED -> clients
2026-05-08 14:10:58,128 - INFO - SELECT c.id, c.name, c.code, c.address, c.country, c.assigned_to, c.contact_first_name, c.contact_last_name, c.contact_email, c.contact_office_no, c.contact_mobile_no, c.contact_designation, c.billing_name, c.billing_email, c.billing_address, c.billing_terms, c.status, c.created_by, c.modified_by, c.created_on, c.modified_on FROM clients c
                            WHERE c.modified_on > :last_sync
                        
2026-05-08 14:10:58,131 - INFO - ROWS FETCHED: 0
2026-05-08 14:10:58,131 - INFO - NO NEW ROWS -> clients
2026-05-08 14:10:58,131 - INFO - SYNC STARTED -> vendors
2026-05-08 14:10:58,131 - INFO - SELECT v.id, v.name, v.code, v.address, v.country, v.assigned_to, v.contact_first_name, v.contact_last_name, v.contact_email, v.contact_office_no, v.contact_mobile_no, v.contact_designation, v.billing_name, v.billing_email, v.billing_address, v.billing_terms, v.status, v.created_by, v.modified_by, v.created_on, v.modified_on FROM vendors v
                            WHERE v.modified_on > :last_sync
                        
2026-05-08 14:10:58,134 - INFO - ROWS FETCHED: 0
2026-05-08 14:10:58,134 - INFO - NO NEW ROWS -> vendors
2026-05-08 14:10:58,134 - INFO - SYNC STARTED -> campaigns
2026-05-08 14:10:58,135 - INFO - SELECT c.id, c.code, c.name, c.type, c.delivery_mode, c.delivery_method, c.client, c.status, c.start_date, c.end_date, c.allocation, c.delivered, c.accepted, c.rejected, c.currency, c.cpl, c.priority, c.comments, c.created_by, c.modified_by, c.created_on, c.modified_on FROM campaigns c
                            WHERE c.modified_on > :last_sync
                        
2026-05-08 14:10:58,139 - INFO - ROWS FETCHED: 0
2026-05-08 14:10:58,139 - INFO - NO NEW ROWS -> campaigns
2026-05-08 14:10:58,139 - INFO - SYNC STARTED -> campaign_segments
2026-05-08 14:10:58,140 - INFO - SELECT cs.id, cs.campaign_id, cs.title, cs.segment_start_date, cs.segment_end_date, cs.allocation, cs.delivered, cs.accepted, cs.rejected, cs.status, cs.deleted, cs.created_by, cs.modified_by, cs.created_on, cs.modified_on FROM campaign_segments cs
                            WHERE cs.modified_on > :last_sync
                        
2026-05-08 14:10:58,144 - INFO - ROWS FETCHED: 0
2026-05-08 14:10:58,144 - INFO - NO NEW ROWS -> campaign_segments
2026-05-08 14:10:58,144 - INFO - SYNC STARTED -> campaign_segment_batches
2026-05-08 14:10:58,145 - INFO - SELECT csb.id, csb.campaign_id, csb.segment_id, csb.dataops_valid, csb.dataops_invalid, csb.dataops_total, csb.email_valid, csb.email_invalid, csb.email_total, csb.quality_valid, csb.quality_invalid, csb.quality_total, csb.dbr_valid, csb.dbr_invalid, csb.dbr_total, csb.vv_valid, csb.vv_invalid, csb.vv_total, csb.mis_valid, csb.mis_invalid, csb.mis_total, csb.priority, csb.batch_status, csb.created_by, csb.completed_at, csb.created_at, csb.updated_at FROM campaign_segment_batch csb
                            WHERE csb.updated_at > :last_sync
                        
2026-05-08 14:10:58,150 - INFO - ROWS FETCHED: 0
2026-05-08 14:10:58,150 - INFO - NO NEW ROWS -> campaign_segment_batches
2026-05-08 14:10:58,150 - INFO - SYNC STARTED -> campaign_segment_batch_transactions
2026-05-08 14:10:58,150 - INFO - SELECT csbt.id, csbt.batch_id, csbt.email, csbt.email_hash, csbt.vendor_code, csbt.salutation, csbt.first_name, csbt.last_name, csbt.tal_company_name, csbt.li_company_name, csbt.domain, csbt.job_title, csbt.job_level, csbt.job_department, csbt.work_phone, csbt.headquarter_phone, csbt.contact_li_profile, csbt.address1, csbt.address2, csbt.city, csbt.state, csbt.zip_code, csbt.country, csbt.industry, csbt.sub_industry, csbt.sic_code, csbt.naics_code, csbt.employee_count, csbt.employee_range, csbt.revenue_count, csbt.revenue_range, csbt.company_li_profile, csbt.source, csbt.installbase_technology, csbt.email_validation_status, csbt.dataops_agent, csbt.dataops_timestamp, csbt.email_status, csbt.email_reason, csbt.asset1, csbt.asset2, csbt.ip_address, csbt.email_time_tool, csbt.email_agent, csbt.email_timestamp, csbt.quality_status, csbt.quality_reason, csbt.quality_agent, csbt.quality_timestamp, csbt.work_experience, csbt.activity, csbt.comments, csbt.dbr_status, csbt.dbr_reason, csbt.dbr_agent, csbt.dbr_timestamp, csbt.vv_number, csbt.vv_disposition, csbt.vv_agent, csbt.vv_timestamp, csbt.mis_status, csbt.mis_reason, csbt.mis_agent, csbt.mis_timestamp, csbt.is_deleted, csbt.created_at, csbt.updated_at FROM campaign_segment_batch_transactions csbt
                            WHERE csbt.updated_at > :last_sync
                        
2026-05-08 14:10:58,497 - INFO - ROWS FETCHED: 0
2026-05-08 14:10:58,497 - INFO - NO NEW ROWS -> campaign_segment_batch_transactions
2026-05-08 14:10:58,497 - INFO - SYNC STARTED -> sentinel_jobs
2026-05-08 14:10:58,497 - INFO - SELECT sj.id, sj.job_type, sj.department, sj.campaign_ids, sj.segment_ids, sj.batch_ids, sj.file_name, sj.file_path, sj.file_hash, sj.status, sj.priority, sj.attempts, sj.max_attempts, sj.created_at, sj.started_at, sj.completed_at, sj.output_file_name, sj.output_file_path, sj.invalid_file_name, sj.invalid_file_path, sj.error_message, sj.created_by FROM sentinel_jobs sj
                            WHERE sj.created_at > :last_sync
                        
2026-05-08 14:10:58,499 - INFO - ROWS FETCHED: 0
2026-05-08 14:10:58,499 - INFO - NO NEW ROWS -> sentinel_jobs
2026-05-08 14:10:58,499 - INFO - SYNC STARTED -> sentinel_jobs
2026-05-08 14:10:58,499 - INFO - SELECT sj.id, sj.job_type, sj.department, sj.campaign_ids, sj.segment_ids, sj.batch_ids, sj.file_name, sj.file_path, sj.file_hash, sj.status, sj.priority, sj.attempts, sj.max_attempts, sj.created_at, sj.started_at, sj.completed_at, sj.output_file_name, sj.output_file_path, sj.invalid_file_name, sj.invalid_file_path, sj.error_message, sj.created_by FROM sentinel_jobs sj
                            WHERE sj.created_at > :last_sync
                        
2026-05-08 14:10:58,500 - INFO - ROWS FETCHED: 0
2026-05-08 14:10:58,500 - INFO - NO NEW ROWS -> sentinel_jobs
2026-05-08 14:10:58,500 - INFO - SYNC STARTED -> sentinel_activity_logs
2026-05-08 14:10:58,500 - INFO - SELECT sal.id, sal.user_id, sal.job_id, sal.user_role, sal.department, sal.activity_type, sal.campaign_ids, sal.segment_ids, sal.batch_ids, sal.batch_status, sal.total_rows, sal.valid_rows, sal.invalid_rows, sal.file_name, sal.file_path, sal.file_link, sal.action_source, sal.remarks, sal.created_at FROM sentinel_activity_log sal
2026-05-08 14:10:58,589 - INFO - ROWS FETCHED: 3768
2026-05-08 14:10:58,618 - INFO - 
                        INSERT INTO "sentinel_activity_logs"
                        (id, user_id, job_id, user_role, department, activity_type, campaign_ids, segment_ids, batch_ids, batch_status, total_rows, valid_rows, invalid_rows, file_name, file_path, file_link, action_source, remarks, created_at)
                        VALUES (:id, :user_id, :job_id, :user_role, :department, :activity_type, :campaign_ids, :segment_ids, :batch_ids, :batch_status, :total_rows, :valid_rows, :invalid_rows, :file_name, :file_path, :file_link, :action_source, :remarks, :created_at)

                        ON CONFLICT (id)

                        DO UPDATE SET
                        user_id = EXCLUDED.user_id, job_id = EXCLUDED.job_id, user_role = EXCLUDED.user_role, department = EXCLUDED.department, activity_type = EXCLUDED.activity_type, campaign_ids = EXCLUDED.campaign_ids, segment_ids = EXCLUDED.segment_ids, batch_ids = EXCLUDED.batch_ids, batch_status = EXCLUDED.batch_status, total_rows = EXCLUDED.total_rows, valid_rows = EXCLUDED.valid_rows, invalid_rows = EXCLUDED.invalid_rows, file_name = EXCLUDED.file_name, file_path = EXCLUDED.file_path, file_link = EXCLUDED.file_link, action_source = EXCLUDED.action_source, remarks = EXCLUDED.remarks, created_at = EXCLUDED.created_at
                    
2026-05-08 14:10:59,191 - INFO - SYNC COMPLETED -> sentinel_activity_logs
