2026-05-11 19:40:11,864 - INFO - SYNC STARTED -> users
2026-05-11 19:40:11,866 - INFO - SELECT u.id, u.email, u.password, u.activated, u.banned, u.modified, u.created, p.first_name, p.last_name, p.job_title, p.role, p.department FROM users u LEFT JOIN user_profiles p ON u.id = p.id
                            WHERE u.modified > :last_sync
                        
2026-05-11 19:40:11,887 - INFO - ROWS FETCHED: 0
2026-05-11 19:40:11,887 - INFO - NO NEW ROWS -> users
2026-05-11 19:40:11,887 - INFO - SYNC STARTED -> clients
2026-05-11 19:40:11,887 - INFO - SELECT c.id, c.name, c.code, c.address, c.country, c.assigned_to, c.contact_first_name, c.contact_last_name, c.contact_email, c.contact_office_no, c.contact_mobile_no, c.contact_designation, c.billing_name, c.billing_email, c.billing_address, c.billing_terms, c.status, c.created_by, c.modified_by, c.created_on, c.modified_on FROM clients c
                            WHERE c.modified_on > :last_sync
                        
2026-05-11 19:40:11,890 - INFO - ROWS FETCHED: 0
2026-05-11 19:40:11,890 - INFO - NO NEW ROWS -> clients
2026-05-11 19:40:11,890 - INFO - SYNC STARTED -> vendors
2026-05-11 19:40:11,890 - INFO - SELECT v.id, v.name, v.code, v.address, v.country, v.assigned_to, v.contact_first_name, v.contact_last_name, v.contact_email, v.contact_office_no, v.contact_mobile_no, v.contact_designation, v.billing_name, v.billing_email, v.billing_address, v.billing_terms, v.status, v.created_by, v.modified_by, v.created_on, v.modified_on FROM vendors v
                            WHERE v.modified_on > :last_sync
                        
2026-05-11 19:40:11,892 - INFO - ROWS FETCHED: 0
2026-05-11 19:40:11,892 - INFO - NO NEW ROWS -> vendors
2026-05-11 19:40:11,892 - INFO - SYNC STARTED -> campaigns
2026-05-11 19:40:11,893 - INFO - SELECT c.id, c.code, c.name, c.type, c.delivery_mode, c.delivery_method, c.client, c.status, c.start_date, c.end_date, c.allocation, c.delivered, c.accepted, c.rejected, c.currency, c.cpl, c.priority, c.comments, c.created_by, c.modified_by, c.created_on, c.modified_on FROM campaigns c
                            WHERE c.modified_on > :last_sync
                        
2026-05-11 19:40:11,897 - INFO - ROWS FETCHED: 0
2026-05-11 19:40:11,897 - INFO - NO NEW ROWS -> campaigns
2026-05-11 19:40:11,897 - INFO - SYNC STARTED -> campaign_segments
2026-05-11 19:40:11,898 - INFO - SELECT cs.id, cs.campaign_id, cs.title, cs.segment_start_date, cs.segment_end_date, cs.allocation, cs.delivered, cs.accepted, cs.rejected, cs.status, cs.deleted, cs.created_by, cs.modified_by, cs.created_on, cs.modified_on FROM campaign_segments cs
                            WHERE cs.modified_on > :last_sync
                        
2026-05-11 19:40:11,899 - INFO - ROWS FETCHED: 0
2026-05-11 19:40:11,899 - INFO - NO NEW ROWS -> campaign_segments
2026-05-11 19:40:11,899 - INFO - SYNC STARTED -> campaign_segment_batches
2026-05-11 19:40:11,899 - INFO - SELECT csb.id, csb.campaign_id, csb.segment_id, csb.dataops_valid, csb.dataops_invalid, csb.dataops_total, csb.email_valid, csb.email_invalid, csb.email_total, csb.quality_valid, csb.quality_invalid, csb.quality_total, csb.dbr_valid, csb.dbr_invalid, csb.dbr_total, csb.vv_valid, csb.vv_invalid, csb.vv_total, csb.mis_valid, csb.mis_invalid, csb.mis_total, csb.priority, csb.batch_status, csb.created_by, csb.completed_at, csb.created_at, csb.updated_at FROM campaign_segment_batch csb
                            WHERE csb.updated_at > :last_sync
                        
2026-05-11 19:40:11,902 - INFO - ROWS FETCHED: 0
2026-05-11 19:40:11,902 - INFO - NO NEW ROWS -> campaign_segment_batches
2026-05-11 19:40:11,902 - INFO - SYNC STARTED -> campaign_segment_batch_transactions
2026-05-11 19:40:11,902 - INFO - SELECT csbt.id, csbt.batch_id, csbt.email, csbt.email_hash, csbt.vendor_code, csbt.salutation, csbt.first_name, csbt.last_name, csbt.tal_company_name, csbt.li_company_name, csbt.domain, csbt.job_title, csbt.job_level, csbt.job_department, csbt.work_phone, csbt.headquarter_phone, csbt.contact_li_profile, csbt.address1, csbt.address2, csbt.city, csbt.state, csbt.zip_code, csbt.country, csbt.industry, csbt.sub_industry, csbt.sic_code, csbt.naics_code, csbt.employee_count, csbt.employee_range, csbt.revenue_count, csbt.revenue_range, csbt.company_li_profile, csbt.source, csbt.installbase_technology, csbt.email_validation_status, csbt.dataops_agent, csbt.dataops_timestamp, csbt.email_status, csbt.email_reason, csbt.asset1, csbt.asset2, csbt.ip_address, csbt.email_time_tool, csbt.email_agent, csbt.email_timestamp, csbt.quality_status, csbt.quality_reason, csbt.quality_agent, csbt.quality_timestamp, csbt.work_experience, csbt.activity, csbt.comments, csbt.dbr_status, csbt.dbr_reason, csbt.dbr_agent, csbt.dbr_timestamp, csbt.vv_number, csbt.vv_disposition, csbt.vv_agent, csbt.vv_timestamp, csbt.mis_status, csbt.mis_reason, csbt.mis_agent, csbt.mis_timestamp, csbt.is_deleted, csbt.created_at, csbt.updated_at FROM campaign_segment_batch_transactions csbt
                            WHERE csbt.updated_at > :last_sync
                        
2026-05-11 19:40:12,266 - INFO - ROWS FETCHED: 0
2026-05-11 19:40:12,266 - INFO - NO NEW ROWS -> campaign_segment_batch_transactions
2026-05-11 19:40:12,266 - INFO - SYNC STARTED -> sentinel_jobs
2026-05-11 19:40:12,266 - INFO - SELECT sj.id, sj.job_type, sj.department, sj.campaign_ids, sj.segment_ids, sj.batch_ids, sj.file_name, sj.file_path, sj.file_hash, sj.status, sj.priority, sj.attempts, sj.max_attempts, sj.created_at, sj.started_at, sj.completed_at, sj.output_file_name, sj.output_file_path, sj.invalid_file_name, sj.invalid_file_path, sj.error_message, sj.created_by FROM sentinel_jobs sj
                            WHERE sj.created_at > :last_sync
                        
2026-05-11 19:40:12,269 - INFO - ROWS FETCHED: 0
2026-05-11 19:40:12,269 - INFO - NO NEW ROWS -> sentinel_jobs
2026-05-11 19:40:12,269 - INFO - SYNC STARTED -> sentinel_activity_logs
2026-05-11 19:40:12,269 - INFO - SELECT sal.id, sal.user_id, sal.job_id, sal.user_role, sal.department, sal.activity_type, sal.campaign_ids, sal.segment_ids, sal.batch_ids, sal.batch_status, sal.total_rows, sal.valid_rows, sal.invalid_rows, sal.file_name, sal.file_path, sal.file_link, sal.action_source, sal.remarks, sal.created_at FROM sentinel_activity_log sal
                            WHERE sal.created_at > :last_sync
                        
2026-05-11 19:40:12,271 - INFO - ROWS FETCHED: 0
2026-05-11 19:40:12,271 - INFO - NO NEW ROWS -> sentinel_activity_logs
2026-05-11 19:40:12,271 - INFO - SYNC STARTED -> sentinel_agent_productivity
2026-05-11 19:40:12,271 - INFO - SELECT sap.id, sap.agent_id, sap.agent_email, sap.department, sap.campaign_id, sap.segment_id, sap.batch_id, sap.total_rows, sap.valid_rows, sap.invalid_rows, sap.work_date, sap.derived_from, sap.created_at FROM sentinel_agent_productivity sap
                            WHERE sap.created_at > :last_sync
                        
2026-05-11 19:40:12,282 - INFO - ROWS FETCHED: 0
2026-05-11 19:40:12,282 - INFO - NO NEW ROWS -> sentinel_agent_productivity
2026-05-11 19:40:12,282 - INFO - SYNC STARTED -> dispositions
2026-05-11 19:40:12,282 - INFO - SELECT d.id, d.call_disposition, d.status, d.sentinel_status, d.date_entered, d.date_modified, d.created_by, d.modified_by, d.deleted, d.churnable FROM dispositions d
                            WHERE d.date_modified > :last_sync
                        
2026-05-11 19:40:12,283 - INFO - ROWS FETCHED: 0
2026-05-11 19:40:12,283 - INFO - NO NEW ROWS -> dispositions
2026-05-11 19:43:38,513 - INFO - SYNC STARTED -> users
2026-05-11 19:43:38,515 - INFO - SELECT u.id, u.email, u.password, u.activated, u.banned, u.modified, u.created, p.first_name, p.last_name, p.job_title, p.role, p.department FROM users u LEFT JOIN user_profiles p ON u.id = p.id
                            WHERE u.modified > :last_sync
                        
2026-05-11 19:43:38,527 - INFO - ROWS FETCHED: 0
2026-05-11 19:43:38,528 - INFO - NO NEW ROWS -> users
2026-05-11 19:43:38,528 - INFO - SYNC STARTED -> clients
2026-05-11 19:43:38,528 - INFO - SELECT c.id, c.name, c.code, c.address, c.country, c.assigned_to, c.contact_first_name, c.contact_last_name, c.contact_email, c.contact_office_no, c.contact_mobile_no, c.contact_designation, c.billing_name, c.billing_email, c.billing_address, c.billing_terms, c.status, c.created_by, c.modified_by, c.created_on, c.modified_on FROM clients c
                            WHERE c.modified_on > :last_sync
                        
2026-05-11 19:43:38,534 - INFO - ROWS FETCHED: 0
2026-05-11 19:43:38,534 - INFO - NO NEW ROWS -> clients
2026-05-11 19:43:38,534 - INFO - SYNC STARTED -> vendors
2026-05-11 19:43:38,534 - INFO - SELECT v.id, v.name, v.code, v.address, v.country, v.assigned_to, v.contact_first_name, v.contact_last_name, v.contact_email, v.contact_office_no, v.contact_mobile_no, v.contact_designation, v.billing_name, v.billing_email, v.billing_address, v.billing_terms, v.status, v.created_by, v.modified_by, v.created_on, v.modified_on FROM vendors v
                            WHERE v.modified_on > :last_sync
                        
2026-05-11 19:43:38,538 - INFO - ROWS FETCHED: 0
2026-05-11 19:43:38,538 - INFO - NO NEW ROWS -> vendors
2026-05-11 19:43:38,538 - INFO - SYNC STARTED -> campaigns
2026-05-11 19:43:38,539 - INFO - SELECT c.id, c.code, c.name, c.type, c.delivery_mode, c.delivery_method, c.client, c.status, c.start_date, c.end_date, c.allocation, c.delivered, c.accepted, c.rejected, c.currency, c.cpl, c.priority, c.comments, c.created_by, c.modified_by, c.created_on, c.modified_on FROM campaigns c
                            WHERE c.modified_on > :last_sync
                        
2026-05-11 19:43:38,540 - INFO - ROWS FETCHED: 9
2026-05-11 19:43:38,540 - INFO - 
                        INSERT INTO "campaigns"
                        (id, campaign_code, campaign_name, campaign_type, delivery_mode, delivery_method, client_id, status, start_date, end_date, total_allocation, total_delivered, total_accepted, total_rejected, currency, cpl, priority, comment, created_by, updated_by, created_at, updated_at)
                        VALUES (:id, :campaign_code, :campaign_name, :campaign_type, :delivery_mode, :delivery_method, :client_id, :status, :start_date, :end_date, :total_allocation, :total_delivered, :total_accepted, :total_rejected, :currency, :cpl, :priority, :comment, :created_by, :updated_by, :created_at, :updated_at)

                        ON CONFLICT (id)

                        DO UPDATE SET
                        campaign_code = EXCLUDED.campaign_code, campaign_name = EXCLUDED.campaign_name, campaign_type = EXCLUDED.campaign_type, delivery_mode = EXCLUDED.delivery_mode, delivery_method = EXCLUDED.delivery_method, client_id = EXCLUDED.client_id, status = EXCLUDED.status, start_date = EXCLUDED.start_date, end_date = EXCLUDED.end_date, total_allocation = EXCLUDED.total_allocation, total_delivered = EXCLUDED.total_delivered, total_accepted = EXCLUDED.total_accepted, total_rejected = EXCLUDED.total_rejected, currency = EXCLUDED.currency, cpl = EXCLUDED.cpl, priority = EXCLUDED.priority, comment = EXCLUDED.comment, created_by = EXCLUDED.created_by, updated_by = EXCLUDED.updated_by, created_at = EXCLUDED.created_at, updated_at = EXCLUDED.updated_at
                    
2026-05-11 19:43:38,552 - INFO - SYNC COMPLETED -> campaigns
2026-05-11 19:43:38,553 - INFO - SYNC STARTED -> campaign_segments
2026-05-11 19:43:38,554 - INFO - SELECT cs.id, cs.campaign_id, cs.title, cs.segment_start_date, cs.segment_end_date, cs.allocation, cs.delivered, cs.accepted, cs.rejected, cs.status, cs.deleted, cs.created_by, cs.modified_by, cs.created_on, cs.modified_on FROM campaign_segments cs
                            WHERE cs.modified_on > :last_sync
                        
2026-05-11 19:43:38,556 - INFO - ROWS FETCHED: 66
2026-05-11 19:43:38,557 - INFO - 
                        INSERT INTO "campaign_segments"
                        (segment_code, campaign_id, title, segment_start_date, segment_end_date, allocation, delivered, accepted, rejected, status, is_deleted, created_by, updated_by, created_at, updated_at)
                        VALUES (:segment_code, :campaign_id, :title, :segment_start_date, :segment_end_date, :allocation, :delivered, :accepted, :rejected, :status, :is_deleted, :created_by, :updated_by, :created_at, :updated_at)

                        ON CONFLICT (id)

                        DO UPDATE SET
                        segment_code = EXCLUDED.segment_code, campaign_id = EXCLUDED.campaign_id, title = EXCLUDED.title, segment_start_date = EXCLUDED.segment_start_date, segment_end_date = EXCLUDED.segment_end_date, allocation = EXCLUDED.allocation, delivered = EXCLUDED.delivered, accepted = EXCLUDED.accepted, rejected = EXCLUDED.rejected, status = EXCLUDED.status, is_deleted = EXCLUDED.is_deleted, created_by = EXCLUDED.created_by, updated_by = EXCLUDED.updated_by, created_at = EXCLUDED.created_at, updated_at = EXCLUDED.updated_at
                    
2026-05-11 19:43:38,563 - ERROR - SYNC FAILED -> campaign_segments
2026-05-11 19:43:38,563 - ERROR - (psycopg2.errors.UniqueViolation) duplicate key value violates unique constraint "ix_campaign_segments_segment_code"
DETAIL:  Key (segment_code)=(00016) already exists.

[SQL: 
                        INSERT INTO "campaign_segments"
                        (segment_code, campaign_id, title, segment_start_date, segment_end_date, allocation, delivered, accepted, rejected, status, is_deleted, created_by, updated_by, created_at, updated_at)
                        VALUES (%(segment_code)s, %(campaign_id)s, %(title)s, %(segment_start_date)s, %(segment_end_date)s, %(allocation)s, %(delivered)s, %(accepted)s, %(rejected)s, %(status)s, %(is_deleted)s, %(created_by)s, %(updated_by)s, %(created_at)s, %(updated_at)s)

                        ON CONFLICT (id)

                        DO UPDATE SET
                        segment_code = EXCLUDED.segment_code, campaign_id = EXCLUDED.campaign_id, title = EXCLUDED.title, segment_start_date = EXCLUDED.segment_start_date, segment_end_date = EXCLUDED.segment_end_date, allocation = EXCLUDED.allocation, delivered = EXCLUDED.delivered, accepted = EXCLUDED.accepted, rejected = EXCLUDED.rejected, status = EXCLUDED.status, is_deleted = EXCLUDED.is_deleted, created_by = EXCLUDED.created_by, updated_by = EXCLUDED.updated_by, created_at = EXCLUDED.created_at, updated_at = EXCLUDED.updated_at
                    ]
[parameters: [{'segment_code': '00016', 'campaign_id': 32, 'title': 'Cohesity (25Q4) NAM - NNL - UK - IT Ops', 'segment_start_date': datetime.date(2026, 1, 9), 'segment_end_date': datetime.date(2026, 2, 20), 'allocation': 200, 'delivered': 411, 'accepted': 175, 'rejected': 190, 'status': 'Completed', 'is_deleted': False, 'created_by': 3, 'updated_by': 3, 'created_at': datetime.datetime(2026, 1, 9, 10, 26, 33), 'updated_at': datetime.datetime(2026, 5, 11, 13, 31, 15)}, {'segment_code': '00017', 'campaign_id': 32, 'title': 'Cohesity (25Q4) NAM - NNL - JP - Security', 'segment_start_date': datetime.date(2026, 1, 9), 'segment_end_date': datetime.date(2026, 2, 20), 'allocation': 17, 'delivered': 73, 'accepted': 17, 'rejected': 54, 'status': 'Completed', 'is_deleted': False, 'created_by': 3, 'updated_by': 3, 'created_at': datetime.datetime(2026, 1, 9, 10, 28, 34), 'updated_at': datetime.datetime(2026, 5, 11, 13, 31, 15)}, {'segment_code': '00018', 'campaign_id': 32, 'title': 'Cohesity (25Q4) NAM - NNL - UK - Security', 'segment_start_date': datetime.date(2026, 1, 9), 'segment_end_date': datetime.date(2026, 2, 20), 'allocation': 150, 'delivered': 479, 'accepted': 134, 'rejected': 278, 'status': 'Completed', 'is_deleted': False, 'created_by': 3, 'updated_by': 3, 'created_at': datetime.datetime(2026, 1, 9, 10, 28, 34), 'updated_at': datetime.datetime(2026, 5, 11, 13, 31, 15)}, {'segment_code': '0002F', 'campaign_id': 42, 'title': 'Dell EMEA (26Q1) SB ISG Server Intel MRL - DE', 'segment_start_date': datetime.date(2026, 2, 2), 'segment_end_date': datetime.date(2026, 2, 27), 'allocation': 170, 'delivered': 240, 'accepted': 46, 'rejected': 0, 'status': 'Completed', 'is_deleted': False, 'created_by': 3, 'updated_by': 3, 'created_at': datetime.datetime(2026, 2, 2, 14, 54, 1), 'updated_at': datetime.datetime(2026, 5, 11, 12, 37, 53)}, {'segment_code': '0002G', 'campaign_id': 42, 'title': 'Dell EMEA (26Q1) SB ISG Server Intel MRL - FR', 'segment_start_date': datetime.date(2026, 2, 2), 'segment_end_date': datetime.date(2026, 2, 27), 'allocation': 110, 'delivered': 156, 'accepted': 30, 'rejected': 0, 'status': 'Completed', 'is_deleted': False, 'created_by': 7, 'updated_by': 3, 'created_at': datetime.datetime(2026, 2, 2, 15, 35, 45), 'updated_at': datetime.datetime(2026, 5, 11, 12, 37, 53)}, {'segment_code': '0002H', 'campaign_id': 42, 'title': 'Dell EMEA (26Q1) SB ISG Server Intel MRL - UK', 'segment_start_date': datetime.date(2026, 2, 2), 'segment_end_date': datetime.date(2026, 2, 27), 'allocation': 155, 'delivered': 200, 'accepted': 42, 'rejected': 0, 'status': 'Completed', 'is_deleted': False, 'created_by': 7, 'updated_by': 3, 'created_at': datetime.datetime(2026, 2, 2, 15, 35, 45), 'updated_at': datetime.datetime(2026, 5, 11, 12, 37, 53)}, {'segment_code': '0002L', 'campaign_id': 44, 'title': 'Dell APAC (26Q1) ISG ENT Gen AI MRL - AU', 'segment_start_date': datetime.date(2026, 2, 3), 'segment_end_date': datetime.date(2026, 2, 27), 'allocation': 550, 'delivered': 969, 'accepted': 534, 'rejected': 515, 'status': 'Completed', 'is_deleted': False, 'created_by': 3, 'updated_by': 3, 'created_at': datetime.datetime(2026, 2, 3, 14, 22, 12), 'updated_at': datetime.datetime(2026, 5, 11, 12, 53, 20)}, {'segment_code': '0002M', 'campaign_id': 44, 'title': 'Dell APAC (26Q1) ISG ENT Gen AI MRL - IN', 'segment_start_date': datetime.date(2026, 2, 3), 'segment_end_date': datetime.date(2026, 2, 27), 'allocation': 900, 'delivered': 1553, 'accepted': 861, 'rejected': 720, 'status': 'Completed', 'is_deleted': False, 'created_by': 7, 'updated_by': 3, 'created_at': datetime.datetime(2026, 2, 3, 14, 58, 40), 'updated_at': datetime.datetime(2026, 5, 11, 12, 53, 20)}  ... displaying 10 of 66 total bound parameter sets ...  {'segment_code': '0006Y', 'campaign_id': 55, 'title': 'Dell APAC (26Q1) CSG MB Pan MSFT JS BANT - IN', 'segment_start_date': datetime.date(2026, 3, 27), 'segment_end_date': datetime.date(2026, 4, 10), 'allocation': 94, 'delivered': 300, 'accepted': 94, 'rejected': 160, 'status': 'Completed', 'is_deleted': False, 'created_by': 3, 'updated_by': 3, 'created_at': datetime.datetime(2026, 3, 27, 13, 38, 22), 'updated_at': datetime.datetime(2026, 5, 11, 13, 36, 32)}, {'segment_code': '0007N', 'campaign_id': 67, 'title': 'IBM (26Q2) Select - BANT', 'segment_start_date': datetime.date(2026, 5, 7), 'segment_end_date': datetime.date(2026, 5, 7), 'allocation': 194, 'delivered': 0, 'accepted': 0, 'rejected': 0, 'status': 'Live', 'is_deleted': False, 'created_by': 3, 'updated_by': 3, 'created_at': datetime.datetime(2026, 5, 7, 16, 17, 9), 'updated_at': datetime.datetime(2026, 5, 7, 16, 17, 9)}]]
(Background on this error at: https://sqlalche.me/e/20/gkpj)
2026-05-11 19:43:38,564 - INFO - SYNC STARTED -> campaign_segment_batches
2026-05-11 19:43:38,564 - INFO - SELECT csb.id, csb.campaign_id, csb.segment_id, csb.dataops_valid, csb.dataops_invalid, csb.dataops_total, csb.email_valid, csb.email_invalid, csb.email_total, csb.quality_valid, csb.quality_invalid, csb.quality_total, csb.dbr_valid, csb.dbr_invalid, csb.dbr_total, csb.vv_valid, csb.vv_invalid, csb.vv_total, csb.mis_valid, csb.mis_invalid, csb.mis_total, csb.priority, csb.batch_status, csb.created_by, csb.completed_at, csb.created_at, csb.updated_at FROM campaign_segment_batch csb
                            WHERE csb.updated_at > :last_sync
                        
2026-05-11 19:43:38,568 - INFO - ROWS FETCHED: 0
2026-05-11 19:43:38,568 - INFO - NO NEW ROWS -> campaign_segment_batches
2026-05-11 19:43:38,568 - INFO - SYNC STARTED -> campaign_segment_batch_transactions
2026-05-11 19:43:38,569 - INFO - SELECT csbt.id, csbt.batch_id, csbt.email, csbt.email_hash, csbt.vendor_code, csbt.salutation, csbt.first_name, csbt.last_name, csbt.tal_company_name, csbt.li_company_name, csbt.domain, csbt.job_title, csbt.job_level, csbt.job_department, csbt.work_phone, csbt.headquarter_phone, csbt.contact_li_profile, csbt.address1, csbt.address2, csbt.city, csbt.state, csbt.zip_code, csbt.country, csbt.industry, csbt.sub_industry, csbt.sic_code, csbt.naics_code, csbt.employee_count, csbt.employee_range, csbt.revenue_count, csbt.revenue_range, csbt.company_li_profile, csbt.source, csbt.installbase_technology, csbt.email_validation_status, csbt.dataops_agent, csbt.dataops_timestamp, csbt.email_status, csbt.email_reason, csbt.asset1, csbt.asset2, csbt.ip_address, csbt.email_time_tool, csbt.email_agent, csbt.email_timestamp, csbt.quality_status, csbt.quality_reason, csbt.quality_agent, csbt.quality_timestamp, csbt.work_experience, csbt.activity, csbt.comments, csbt.dbr_status, csbt.dbr_reason, csbt.dbr_agent, csbt.dbr_timestamp, csbt.vv_number, csbt.vv_disposition, csbt.vv_agent, csbt.vv_timestamp, csbt.mis_status, csbt.mis_reason, csbt.mis_agent, csbt.mis_timestamp, csbt.is_deleted, csbt.created_at, csbt.updated_at FROM campaign_segment_batch_transactions csbt
                            WHERE csbt.updated_at > :last_sync
                        
2026-05-11 19:43:38,848 - INFO - ROWS FETCHED: 0
2026-05-11 19:43:38,848 - INFO - NO NEW ROWS -> campaign_segment_batch_transactions
2026-05-11 19:43:38,848 - INFO - SYNC STARTED -> sentinel_jobs
2026-05-11 19:43:38,848 - INFO - SELECT sj.id, sj.job_type, sj.department, sj.campaign_ids, sj.segment_ids, sj.batch_ids, sj.file_name, sj.file_path, sj.file_hash, sj.status, sj.priority, sj.attempts, sj.max_attempts, sj.created_at, sj.started_at, sj.completed_at, sj.output_file_name, sj.output_file_path, sj.invalid_file_name, sj.invalid_file_path, sj.error_message, sj.created_by FROM sentinel_jobs sj
                            WHERE sj.created_at > :last_sync
                        
2026-05-11 19:43:38,854 - INFO - ROWS FETCHED: 0
2026-05-11 19:43:38,854 - INFO - NO NEW ROWS -> sentinel_jobs
2026-05-11 19:43:38,854 - INFO - SYNC STARTED -> sentinel_activity_logs
2026-05-11 19:43:38,854 - INFO - SELECT sal.id, sal.user_id, sal.job_id, sal.user_role, sal.department, sal.activity_type, sal.campaign_ids, sal.segment_ids, sal.batch_ids, sal.batch_status, sal.total_rows, sal.valid_rows, sal.invalid_rows, sal.file_name, sal.file_path, sal.file_link, sal.action_source, sal.remarks, sal.created_at FROM sentinel_activity_log sal
                            WHERE sal.created_at > :last_sync
                        
2026-05-11 19:43:38,861 - INFO - ROWS FETCHED: 0
2026-05-11 19:43:38,861 - INFO - NO NEW ROWS -> sentinel_activity_logs
2026-05-11 19:43:38,861 - INFO - SYNC STARTED -> sentinel_agent_productivity
2026-05-11 19:43:38,861 - INFO - SELECT sap.id, sap.agent_id, sap.agent_email, sap.department, sap.campaign_id, sap.segment_id, sap.batch_id, sap.total_rows, sap.valid_rows, sap.invalid_rows, sap.work_date, sap.derived_from, sap.created_at FROM sentinel_agent_productivity sap
                            WHERE sap.created_at > :last_sync
                        
2026-05-11 19:43:38,870 - INFO - ROWS FETCHED: 0
2026-05-11 19:43:38,871 - INFO - NO NEW ROWS -> sentinel_agent_productivity
2026-05-11 19:43:38,871 - INFO - SYNC STARTED -> dispositions
2026-05-11 19:43:38,871 - INFO - SELECT d.id, d.call_disposition, d.status, d.sentinel_status, d.date_entered, d.date_modified, d.created_by, d.modified_by, d.deleted, d.churnable FROM dispositions d
                            WHERE d.date_modified > :last_sync
                        
2026-05-11 19:43:38,873 - INFO - ROWS FETCHED: 0
2026-05-11 19:43:38,873 - INFO - NO NEW ROWS -> dispositions
2026-05-11 19:55:07,704 - INFO - SYNC STARTED -> users
2026-05-11 19:55:07,708 - INFO - SELECT u.id, u.email, u.password, u.activated, u.banned, u.modified, u.created, p.first_name, p.last_name, p.job_title, p.role, p.department FROM users u LEFT JOIN user_profiles p ON u.id = p.id
                            WHERE u.modified > :last_sync
                        
2026-05-11 19:55:07,716 - INFO - ROWS FETCHED: 0
2026-05-11 19:55:07,716 - INFO - NO NEW ROWS -> users
2026-05-11 19:55:07,716 - INFO - SYNC STARTED -> clients
2026-05-11 19:55:07,716 - INFO - SELECT c.id, c.name, c.code, c.address, c.country, c.assigned_to, c.contact_first_name, c.contact_last_name, c.contact_email, c.contact_office_no, c.contact_mobile_no, c.contact_designation, c.billing_name, c.billing_email, c.billing_address, c.billing_terms, c.status, c.created_by, c.modified_by, c.created_on, c.modified_on FROM clients c
                            WHERE c.modified_on > :last_sync
                        
2026-05-11 19:55:07,719 - INFO - ROWS FETCHED: 0
2026-05-11 19:55:07,719 - INFO - NO NEW ROWS -> clients
2026-05-11 19:55:07,719 - INFO - SYNC STARTED -> vendors
2026-05-11 19:55:07,719 - INFO - SELECT v.id, v.name, v.code, v.address, v.country, v.assigned_to, v.contact_first_name, v.contact_last_name, v.contact_email, v.contact_office_no, v.contact_mobile_no, v.contact_designation, v.billing_name, v.billing_email, v.billing_address, v.billing_terms, v.status, v.created_by, v.modified_by, v.created_on, v.modified_on FROM vendors v
                            WHERE v.modified_on > :last_sync
                        
2026-05-11 19:55:07,720 - INFO - ROWS FETCHED: 0
2026-05-11 19:55:07,720 - INFO - NO NEW ROWS -> vendors
2026-05-11 19:55:07,721 - INFO - SYNC STARTED -> campaigns
2026-05-11 19:55:07,721 - INFO - SELECT c.id, c.code, c.name, c.type, c.delivery_mode, c.delivery_method, c.client, c.status, c.start_date, c.end_date, c.allocation, c.delivered, c.accepted, c.rejected, c.currency, c.cpl, c.priority, c.comments, c.created_by, c.modified_by, c.created_on, c.modified_on FROM campaigns c
                            WHERE c.modified_on > :last_sync
                        
2026-05-11 19:55:07,725 - INFO - ROWS FETCHED: 0
2026-05-11 19:55:07,725 - INFO - NO NEW ROWS -> campaigns
2026-05-11 19:55:07,725 - INFO - SYNC STARTED -> campaign_segments
2026-05-11 19:55:07,726 - INFO - SELECT cs.id, cs.campaign_id, cs.title, cs.segment_start_date, cs.segment_end_date, cs.allocation, cs.delivered, cs.accepted, cs.rejected, cs.status, cs.deleted, cs.created_by, cs.modified_by, cs.created_on, cs.modified_on FROM campaign_segments cs
                            WHERE cs.modified_on > :last_sync
                        
2026-05-11 19:55:07,729 - INFO - ROWS FETCHED: 66
2026-05-11 19:55:07,729 - INFO - 
                        INSERT INTO "campaign_segments"
                        (segment_code, campaign_id, title, segment_start_date, segment_end_date, allocation, delivered, accepted, rejected, status, is_deleted, created_by, updated_by, created_at, updated_at)
                        VALUES (:segment_code, :campaign_id, :title, :segment_start_date, :segment_end_date, :allocation, :delivered, :accepted, :rejected, :status, :is_deleted, :created_by, :updated_by, :created_at, :updated_at)

                        ON CONFLICT (id)

                        DO UPDATE SET
                        segment_code = EXCLUDED.segment_code, campaign_id = EXCLUDED.campaign_id, title = EXCLUDED.title, segment_start_date = EXCLUDED.segment_start_date, segment_end_date = EXCLUDED.segment_end_date, allocation = EXCLUDED.allocation, delivered = EXCLUDED.delivered, accepted = EXCLUDED.accepted, rejected = EXCLUDED.rejected, status = EXCLUDED.status, is_deleted = EXCLUDED.is_deleted, created_by = EXCLUDED.created_by, updated_by = EXCLUDED.updated_by, created_at = EXCLUDED.created_at, updated_at = EXCLUDED.updated_at
                    
2026-05-11 19:55:07,742 - ERROR - SYNC FAILED -> campaign_segments
2026-05-11 19:55:07,744 - ERROR - (psycopg2.errors.UniqueViolation) duplicate key value violates unique constraint "ix_campaign_segments_segment_code"
DETAIL:  Key (segment_code)=(00016) already exists.

[SQL: 
                        INSERT INTO "campaign_segments"
                        (segment_code, campaign_id, title, segment_start_date, segment_end_date, allocation, delivered, accepted, rejected, status, is_deleted, created_by, updated_by, created_at, updated_at)
                        VALUES (%(segment_code)s, %(campaign_id)s, %(title)s, %(segment_start_date)s, %(segment_end_date)s, %(allocation)s, %(delivered)s, %(accepted)s, %(rejected)s, %(status)s, %(is_deleted)s, %(created_by)s, %(updated_by)s, %(created_at)s, %(updated_at)s)

                        ON CONFLICT (id)

                        DO UPDATE SET
                        segment_code = EXCLUDED.segment_code, campaign_id = EXCLUDED.campaign_id, title = EXCLUDED.title, segment_start_date = EXCLUDED.segment_start_date, segment_end_date = EXCLUDED.segment_end_date, allocation = EXCLUDED.allocation, delivered = EXCLUDED.delivered, accepted = EXCLUDED.accepted, rejected = EXCLUDED.rejected, status = EXCLUDED.status, is_deleted = EXCLUDED.is_deleted, created_by = EXCLUDED.created_by, updated_by = EXCLUDED.updated_by, created_at = EXCLUDED.created_at, updated_at = EXCLUDED.updated_at
                    ]
[parameters: [{'segment_code': '00016', 'campaign_id': 32, 'title': 'Cohesity (25Q4) NAM - NNL - UK - IT Ops', 'segment_start_date': datetime.date(2026, 1, 9), 'segment_end_date': datetime.date(2026, 2, 20), 'allocation': 200, 'delivered': 411, 'accepted': 175, 'rejected': 190, 'status': 'Completed', 'is_deleted': False, 'created_by': 3, 'updated_by': 3, 'created_at': datetime.datetime(2026, 1, 9, 10, 26, 33), 'updated_at': datetime.datetime(2026, 5, 11, 13, 31, 15)}, {'segment_code': '00017', 'campaign_id': 32, 'title': 'Cohesity (25Q4) NAM - NNL - JP - Security', 'segment_start_date': datetime.date(2026, 1, 9), 'segment_end_date': datetime.date(2026, 2, 20), 'allocation': 17, 'delivered': 73, 'accepted': 17, 'rejected': 54, 'status': 'Completed', 'is_deleted': False, 'created_by': 3, 'updated_by': 3, 'created_at': datetime.datetime(2026, 1, 9, 10, 28, 34), 'updated_at': datetime.datetime(2026, 5, 11, 13, 31, 15)}, {'segment_code': '00018', 'campaign_id': 32, 'title': 'Cohesity (25Q4) NAM - NNL - UK - Security', 'segment_start_date': datetime.date(2026, 1, 9), 'segment_end_date': datetime.date(2026, 2, 20), 'allocation': 150, 'delivered': 479, 'accepted': 134, 'rejected': 278, 'status': 'Completed', 'is_deleted': False, 'created_by': 3, 'updated_by': 3, 'created_at': datetime.datetime(2026, 1, 9, 10, 28, 34), 'updated_at': datetime.datetime(2026, 5, 11, 13, 31, 15)}, {'segment_code': '0002F', 'campaign_id': 42, 'title': 'Dell EMEA (26Q1) SB ISG Server Intel MRL - DE', 'segment_start_date': datetime.date(2026, 2, 2), 'segment_end_date': datetime.date(2026, 2, 27), 'allocation': 170, 'delivered': 240, 'accepted': 46, 'rejected': 0, 'status': 'Completed', 'is_deleted': False, 'created_by': 3, 'updated_by': 3, 'created_at': datetime.datetime(2026, 2, 2, 14, 54, 1), 'updated_at': datetime.datetime(2026, 5, 11, 12, 37, 53)}, {'segment_code': '0002G', 'campaign_id': 42, 'title': 'Dell EMEA (26Q1) SB ISG Server Intel MRL - FR', 'segment_start_date': datetime.date(2026, 2, 2), 'segment_end_date': datetime.date(2026, 2, 27), 'allocation': 110, 'delivered': 156, 'accepted': 30, 'rejected': 0, 'status': 'Completed', 'is_deleted': False, 'created_by': 7, 'updated_by': 3, 'created_at': datetime.datetime(2026, 2, 2, 15, 35, 45), 'updated_at': datetime.datetime(2026, 5, 11, 12, 37, 53)}, {'segment_code': '0002H', 'campaign_id': 42, 'title': 'Dell EMEA (26Q1) SB ISG Server Intel MRL - UK', 'segment_start_date': datetime.date(2026, 2, 2), 'segment_end_date': datetime.date(2026, 2, 27), 'allocation': 155, 'delivered': 200, 'accepted': 42, 'rejected': 0, 'status': 'Completed', 'is_deleted': False, 'created_by': 7, 'updated_by': 3, 'created_at': datetime.datetime(2026, 2, 2, 15, 35, 45), 'updated_at': datetime.datetime(2026, 5, 11, 12, 37, 53)}, {'segment_code': '0002L', 'campaign_id': 44, 'title': 'Dell APAC (26Q1) ISG ENT Gen AI MRL - AU', 'segment_start_date': datetime.date(2026, 2, 3), 'segment_end_date': datetime.date(2026, 2, 27), 'allocation': 550, 'delivered': 969, 'accepted': 534, 'rejected': 515, 'status': 'Completed', 'is_deleted': False, 'created_by': 3, 'updated_by': 3, 'created_at': datetime.datetime(2026, 2, 3, 14, 22, 12), 'updated_at': datetime.datetime(2026, 5, 11, 12, 53, 20)}, {'segment_code': '0002M', 'campaign_id': 44, 'title': 'Dell APAC (26Q1) ISG ENT Gen AI MRL - IN', 'segment_start_date': datetime.date(2026, 2, 3), 'segment_end_date': datetime.date(2026, 2, 27), 'allocation': 900, 'delivered': 1553, 'accepted': 861, 'rejected': 720, 'status': 'Completed', 'is_deleted': False, 'created_by': 7, 'updated_by': 3, 'created_at': datetime.datetime(2026, 2, 3, 14, 58, 40), 'updated_at': datetime.datetime(2026, 5, 11, 12, 53, 20)}  ... displaying 10 of 66 total bound parameter sets ...  {'segment_code': '0006Y', 'campaign_id': 55, 'title': 'Dell APAC (26Q1) CSG MB Pan MSFT JS BANT - IN', 'segment_start_date': datetime.date(2026, 3, 27), 'segment_end_date': datetime.date(2026, 4, 10), 'allocation': 94, 'delivered': 300, 'accepted': 94, 'rejected': 160, 'status': 'Completed', 'is_deleted': False, 'created_by': 3, 'updated_by': 3, 'created_at': datetime.datetime(2026, 3, 27, 13, 38, 22), 'updated_at': datetime.datetime(2026, 5, 11, 13, 36, 32)}, {'segment_code': '0007N', 'campaign_id': 67, 'title': 'IBM (26Q2) Select - BANT', 'segment_start_date': datetime.date(2026, 5, 7), 'segment_end_date': datetime.date(2026, 5, 7), 'allocation': 194, 'delivered': 0, 'accepted': 0, 'rejected': 0, 'status': 'Live', 'is_deleted': False, 'created_by': 3, 'updated_by': 3, 'created_at': datetime.datetime(2026, 5, 7, 16, 17, 9), 'updated_at': datetime.datetime(2026, 5, 7, 16, 17, 9)}]]
(Background on this error at: https://sqlalche.me/e/20/gkpj)
2026-05-11 19:55:07,744 - INFO - SYNC STARTED -> campaign_segment_batches
2026-05-11 19:55:07,744 - INFO - SELECT csb.id, csb.campaign_id, csb.segment_id, csb.dataops_valid, csb.dataops_invalid, csb.dataops_total, csb.email_valid, csb.email_invalid, csb.email_total, csb.quality_valid, csb.quality_invalid, csb.quality_total, csb.dbr_valid, csb.dbr_invalid, csb.dbr_total, csb.vv_valid, csb.vv_invalid, csb.vv_total, csb.mis_valid, csb.mis_invalid, csb.mis_total, csb.priority, csb.batch_status, csb.created_by, csb.completed_at, csb.created_at, csb.updated_at FROM campaign_segment_batch csb
                            WHERE csb.updated_at > :last_sync
                        
2026-05-11 19:55:07,748 - INFO - ROWS FETCHED: 0
2026-05-11 19:55:07,748 - INFO - NO NEW ROWS -> campaign_segment_batches
2026-05-11 19:55:07,748 - INFO - SYNC STARTED -> campaign_segment_batch_transactions
2026-05-11 19:55:07,749 - INFO - SELECT csbt.id, csbt.batch_id, csbt.email, csbt.email_hash, csbt.vendor_code, csbt.salutation, csbt.first_name, csbt.last_name, csbt.tal_company_name, csbt.li_company_name, csbt.domain, csbt.job_title, csbt.job_level, csbt.job_department, csbt.work_phone, csbt.headquarter_phone, csbt.contact_li_profile, csbt.address1, csbt.address2, csbt.city, csbt.state, csbt.zip_code, csbt.country, csbt.industry, csbt.sub_industry, csbt.sic_code, csbt.naics_code, csbt.employee_count, csbt.employee_range, csbt.revenue_count, csbt.revenue_range, csbt.company_li_profile, csbt.source, csbt.installbase_technology, csbt.email_validation_status, csbt.dataops_agent, csbt.dataops_timestamp, csbt.email_status, csbt.email_reason, csbt.asset1, csbt.asset2, csbt.ip_address, csbt.email_time_tool, csbt.email_agent, csbt.email_timestamp, csbt.quality_status, csbt.quality_reason, csbt.quality_agent, csbt.quality_timestamp, csbt.work_experience, csbt.activity, csbt.comments, csbt.dbr_status, csbt.dbr_reason, csbt.dbr_agent, csbt.dbr_timestamp, csbt.vv_number, csbt.vv_disposition, csbt.vv_agent, csbt.vv_timestamp, csbt.mis_status, csbt.mis_reason, csbt.mis_agent, csbt.mis_timestamp, csbt.is_deleted, csbt.created_at, csbt.updated_at FROM campaign_segment_batch_transactions csbt
                            WHERE csbt.updated_at > :last_sync
                        
2026-05-11 19:55:08,122 - INFO - ROWS FETCHED: 0
2026-05-11 19:55:08,123 - INFO - NO NEW ROWS -> campaign_segment_batch_transactions
2026-05-11 19:55:08,123 - INFO - SYNC STARTED -> sentinel_jobs
2026-05-11 19:55:08,123 - INFO - SELECT sj.id, sj.job_type, sj.department, sj.campaign_ids, sj.segment_ids, sj.batch_ids, sj.file_name, sj.file_path, sj.file_hash, sj.status, sj.priority, sj.attempts, sj.max_attempts, sj.created_at, sj.started_at, sj.completed_at, sj.output_file_name, sj.output_file_path, sj.invalid_file_name, sj.invalid_file_path, sj.error_message, sj.created_by FROM sentinel_jobs sj
                            WHERE sj.created_at > :last_sync
                        
2026-05-11 19:55:08,125 - INFO - ROWS FETCHED: 0
2026-05-11 19:55:08,126 - INFO - NO NEW ROWS -> sentinel_jobs
2026-05-11 19:55:08,126 - INFO - SYNC STARTED -> sentinel_activity_logs
2026-05-11 19:55:08,126 - INFO - SELECT sal.id, sal.user_id, sal.job_id, sal.user_role, sal.department, sal.activity_type, sal.campaign_ids, sal.segment_ids, sal.batch_ids, sal.batch_status, sal.total_rows, sal.valid_rows, sal.invalid_rows, sal.file_name, sal.file_path, sal.file_link, sal.action_source, sal.remarks, sal.created_at FROM sentinel_activity_log sal
                            WHERE sal.created_at > :last_sync
                        
2026-05-11 19:55:08,128 - INFO - ROWS FETCHED: 0
2026-05-11 19:55:08,128 - INFO - NO NEW ROWS -> sentinel_activity_logs
2026-05-11 19:55:08,128 - INFO - SYNC STARTED -> sentinel_agent_productivity
2026-05-11 19:55:08,128 - INFO - SELECT sap.id, sap.agent_id, sap.agent_email, sap.department, sap.campaign_id, sap.segment_id, sap.batch_id, sap.total_rows, sap.valid_rows, sap.invalid_rows, sap.work_date, sap.derived_from, sap.created_at FROM sentinel_agent_productivity sap
                            WHERE sap.created_at > :last_sync
                        
2026-05-11 19:55:08,136 - INFO - ROWS FETCHED: 0
2026-05-11 19:55:08,136 - INFO - NO NEW ROWS -> sentinel_agent_productivity
2026-05-11 19:55:08,136 - INFO - SYNC STARTED -> dispositions
2026-05-11 19:55:08,136 - INFO - SELECT d.id, d.call_disposition, d.status, d.sentinel_status, d.date_entered, d.date_modified, d.created_by, d.modified_by, d.deleted, d.churnable FROM dispositions d
                            WHERE d.date_modified > :last_sync
                        
2026-05-11 19:55:08,138 - INFO - ROWS FETCHED: 0
2026-05-11 19:55:08,138 - INFO - NO NEW ROWS -> dispositions
