2026-05-08 20:20:21,435 - INFO - SYNC STARTED -> users
2026-05-08 20:20:21,437 - INFO - SELECT u.id, u.email, u.password, u.activated, u.banned, u.modified, u.created, p.first_name, p.last_name, p.job_title, p.role, p.department FROM users u LEFT JOIN user_profiles p ON u.id = p.id
                            WHERE u.modified > :last_sync
                        
2026-05-08 20:20:21,446 - INFO - ROWS FETCHED: 0
2026-05-08 20:20:21,447 - INFO - NO NEW ROWS -> users
2026-05-08 20:20:21,447 - INFO - SYNC STARTED -> clients
2026-05-08 20:20:21,447 - INFO - SELECT c.id, c.name, c.code, c.address, c.country, c.assigned_to, c.contact_first_name, c.contact_last_name, c.contact_email, c.contact_office_no, c.contact_mobile_no, c.contact_designation, c.billing_name, c.billing_email, c.billing_address, c.billing_terms, c.status, c.created_by, c.modified_by, c.created_on, c.modified_on FROM clients c
                            WHERE c.modified_on > :last_sync
                        
2026-05-08 20:20:21,449 - INFO - ROWS FETCHED: 0
2026-05-08 20:20:21,450 - INFO - NO NEW ROWS -> clients
2026-05-08 20:20:21,450 - INFO - SYNC STARTED -> vendors
2026-05-08 20:20:21,450 - INFO - SELECT v.id, v.name, v.code, v.address, v.country, v.assigned_to, v.contact_first_name, v.contact_last_name, v.contact_email, v.contact_office_no, v.contact_mobile_no, v.contact_designation, v.billing_name, v.billing_email, v.billing_address, v.billing_terms, v.status, v.created_by, v.modified_by, v.created_on, v.modified_on FROM vendors v
                            WHERE v.modified_on > :last_sync
                        
2026-05-08 20:20:21,453 - INFO - ROWS FETCHED: 0
2026-05-08 20:20:21,453 - INFO - NO NEW ROWS -> vendors
2026-05-08 20:20:21,453 - INFO - SYNC STARTED -> campaigns
2026-05-08 20:20:21,454 - INFO - SELECT c.id, c.code, c.name, c.type, c.delivery_mode, c.delivery_method, c.client, c.status, c.start_date, c.end_date, c.allocation, c.delivered, c.accepted, c.rejected, c.currency, c.cpl, c.priority, c.comments, c.created_by, c.modified_by, c.created_on, c.modified_on FROM campaigns c
                            WHERE c.modified_on > :last_sync
                        
2026-05-08 20:20:21,456 - INFO - ROWS FETCHED: 0
2026-05-08 20:20:21,456 - INFO - NO NEW ROWS -> campaigns
2026-05-08 20:20:21,456 - INFO - SYNC STARTED -> campaign_segments
2026-05-08 20:20:21,457 - INFO - SELECT cs.id, cs.campaign_id, cs.title, cs.segment_start_date, cs.segment_end_date, cs.allocation, cs.delivered, cs.accepted, cs.rejected, cs.status, cs.deleted, cs.created_by, cs.modified_by, cs.created_on, cs.modified_on FROM campaign_segments cs
                            WHERE cs.modified_on > :last_sync
                        
2026-05-08 20:20:21,458 - INFO - ROWS FETCHED: 0
2026-05-08 20:20:21,458 - INFO - NO NEW ROWS -> campaign_segments
2026-05-08 20:20:21,458 - INFO - SYNC STARTED -> campaign_segment_batches
2026-05-08 20:20:21,458 - INFO - SELECT csb.id, csb.campaign_id, csb.segment_id, csb.dataops_valid, csb.dataops_invalid, csb.dataops_total, csb.email_valid, csb.email_invalid, csb.email_total, csb.quality_valid, csb.quality_invalid, csb.quality_total, csb.dbr_valid, csb.dbr_invalid, csb.dbr_total, csb.vv_valid, csb.vv_invalid, csb.vv_total, csb.mis_valid, csb.mis_invalid, csb.mis_total, csb.priority, csb.batch_status, csb.created_by, csb.completed_at, csb.created_at, csb.updated_at FROM campaign_segment_batch csb
                            WHERE csb.updated_at > :last_sync
                        
2026-05-08 20:20:21,459 - INFO - ROWS FETCHED: 0
2026-05-08 20:20:21,460 - INFO - NO NEW ROWS -> campaign_segment_batches
2026-05-08 20:20:21,460 - INFO - SYNC STARTED -> campaign_segment_batch_transactions
2026-05-08 20:20:21,460 - INFO - SELECT csbt.id, csbt.batch_id, csbt.email, csbt.email_hash, csbt.vendor_code, csbt.salutation, csbt.first_name, csbt.last_name, csbt.tal_company_name, csbt.li_company_name, csbt.domain, csbt.job_title, csbt.job_level, csbt.job_department, csbt.work_phone, csbt.headquarter_phone, csbt.contact_li_profile, csbt.address1, csbt.address2, csbt.city, csbt.state, csbt.zip_code, csbt.country, csbt.industry, csbt.sub_industry, csbt.sic_code, csbt.naics_code, csbt.employee_count, csbt.employee_range, csbt.revenue_count, csbt.revenue_range, csbt.company_li_profile, csbt.source, csbt.installbase_technology, csbt.email_validation_status, csbt.dataops_agent, csbt.dataops_timestamp, csbt.email_status, csbt.email_reason, csbt.asset1, csbt.asset2, csbt.ip_address, csbt.email_time_tool, csbt.email_agent, csbt.email_timestamp, csbt.quality_status, csbt.quality_reason, csbt.quality_agent, csbt.quality_timestamp, csbt.work_experience, csbt.activity, csbt.comments, csbt.dbr_status, csbt.dbr_reason, csbt.dbr_agent, csbt.dbr_timestamp, csbt.vv_number, csbt.vv_disposition, csbt.vv_agent, csbt.vv_timestamp, csbt.mis_status, csbt.mis_reason, csbt.mis_agent, csbt.mis_timestamp, csbt.is_deleted, csbt.created_at, csbt.updated_at FROM campaign_segment_batch_transactions csbt
                            WHERE csbt.updated_at > :last_sync
                        
2026-05-08 20:20:21,813 - INFO - ROWS FETCHED: 0
2026-05-08 20:20:21,813 - INFO - NO NEW ROWS -> campaign_segment_batch_transactions
2026-05-08 20:20:21,813 - INFO - SYNC STARTED -> sentinel_jobs
2026-05-08 20:20:21,813 - INFO - SELECT sj.id, sj.job_type, sj.department, sj.campaign_ids, sj.segment_ids, sj.batch_ids, sj.file_name, sj.file_path, sj.file_hash, sj.status, sj.priority, sj.attempts, sj.max_attempts, sj.created_at, sj.started_at, sj.completed_at, sj.output_file_name, sj.output_file_path, sj.invalid_file_name, sj.invalid_file_path, sj.error_message, sj.created_by FROM sentinel_jobs sj
                            WHERE sj.created_at > :last_sync
                        
2026-05-08 20:20:21,817 - INFO - ROWS FETCHED: 0
2026-05-08 20:20:21,817 - INFO - NO NEW ROWS -> sentinel_jobs
2026-05-08 20:20:21,817 - INFO - SYNC STARTED -> sentinel_jobs
2026-05-08 20:20:21,817 - INFO - SELECT sj.id, sj.job_type, sj.department, sj.campaign_ids, sj.segment_ids, sj.batch_ids, sj.file_name, sj.file_path, sj.file_hash, sj.status, sj.priority, sj.attempts, sj.max_attempts, sj.created_at, sj.started_at, sj.completed_at, sj.output_file_name, sj.output_file_path, sj.invalid_file_name, sj.invalid_file_path, sj.error_message, sj.created_by FROM sentinel_jobs sj
                            WHERE sj.created_at > :last_sync
                        
2026-05-08 20:20:21,818 - INFO - ROWS FETCHED: 0
2026-05-08 20:20:21,818 - INFO - NO NEW ROWS -> sentinel_jobs
2026-05-08 20:20:21,818 - INFO - SYNC STARTED -> sentinel_activity_logs
2026-05-08 20:20:21,818 - INFO - SELECT sal.id, sal.user_id, sal.job_id, sal.user_role, sal.department, sal.activity_type, sal.campaign_ids, sal.segment_ids, sal.batch_ids, sal.batch_status, sal.total_rows, sal.valid_rows, sal.invalid_rows, sal.file_name, sal.file_path, sal.file_link, sal.action_source, sal.remarks, sal.created_at FROM sentinel_activity_log sal
                            WHERE sal.created_at > :last_sync
                        
2026-05-08 20:20:21,820 - INFO - ROWS FETCHED: 0
2026-05-08 20:20:21,820 - INFO - NO NEW ROWS -> sentinel_activity_logs
2026-05-08 20:20:21,820 - INFO - SYNC STARTED -> sentinel_agent_productivity
2026-05-08 20:20:21,821 - INFO - SELECT sap.id, sap.agent_id, sap.agent_email, sap.department, sap.campaign_id, sap.segment_id, sap.batch_id, sap.total_rows, sap.valid_rows, sap.invalid_rows, sap.work_date, sap.derived_from, sap.created_at FROM sentinel_agent_productivity sap
                            WHERE sap.created_at > :last_sync
                        
2026-05-08 20:20:21,828 - INFO - ROWS FETCHED: 0
2026-05-08 20:20:21,828 - INFO - NO NEW ROWS -> sentinel_agent_productivity
2026-05-08 20:23:06,067 - INFO - SYNC STARTED -> users
2026-05-08 20:23:06,069 - INFO - SELECT u.id, u.email, u.password, u.activated, u.banned, u.modified, u.created, p.first_name, p.last_name, p.job_title, p.role, p.department FROM users u LEFT JOIN user_profiles p ON u.id = p.id
                            WHERE u.modified > :last_sync
                        
2026-05-08 20:23:06,074 - INFO - ROWS FETCHED: 0
2026-05-08 20:23:06,074 - INFO - NO NEW ROWS -> users
2026-05-08 20:23:06,074 - INFO - SYNC STARTED -> clients
2026-05-08 20:23:06,074 - INFO - SELECT c.id, c.name, c.code, c.address, c.country, c.assigned_to, c.contact_first_name, c.contact_last_name, c.contact_email, c.contact_office_no, c.contact_mobile_no, c.contact_designation, c.billing_name, c.billing_email, c.billing_address, c.billing_terms, c.status, c.created_by, c.modified_by, c.created_on, c.modified_on FROM clients c
                            WHERE c.modified_on > :last_sync
                        
2026-05-08 20:23:06,076 - INFO - ROWS FETCHED: 0
2026-05-08 20:23:06,076 - INFO - NO NEW ROWS -> clients
2026-05-08 20:23:06,076 - INFO - SYNC STARTED -> vendors
2026-05-08 20:23:06,076 - INFO - SELECT v.id, v.name, v.code, v.address, v.country, v.assigned_to, v.contact_first_name, v.contact_last_name, v.contact_email, v.contact_office_no, v.contact_mobile_no, v.contact_designation, v.billing_name, v.billing_email, v.billing_address, v.billing_terms, v.status, v.created_by, v.modified_by, v.created_on, v.modified_on FROM vendors v
                            WHERE v.modified_on > :last_sync
                        
2026-05-08 20:23:06,078 - INFO - ROWS FETCHED: 0
2026-05-08 20:23:06,079 - INFO - NO NEW ROWS -> vendors
2026-05-08 20:23:06,079 - INFO - SYNC STARTED -> campaigns
2026-05-08 20:23:06,079 - INFO - SELECT c.id, c.code, c.name, c.type, c.delivery_mode, c.delivery_method, c.client, c.status, c.start_date, c.end_date, c.allocation, c.delivered, c.accepted, c.rejected, c.currency, c.cpl, c.priority, c.comments, c.created_by, c.modified_by, c.created_on, c.modified_on FROM campaigns c
                            WHERE c.modified_on > :last_sync
                        
2026-05-08 20:23:06,082 - INFO - ROWS FETCHED: 0
2026-05-08 20:23:06,082 - INFO - NO NEW ROWS -> campaigns
2026-05-08 20:23:06,083 - INFO - SYNC STARTED -> campaign_segments
2026-05-08 20:23:06,084 - INFO - SELECT cs.id, cs.campaign_id, cs.title, cs.segment_start_date, cs.segment_end_date, cs.allocation, cs.delivered, cs.accepted, cs.rejected, cs.status, cs.deleted, cs.created_by, cs.modified_by, cs.created_on, cs.modified_on FROM campaign_segments cs
                            WHERE cs.modified_on > :last_sync
                        
2026-05-08 20:23:06,087 - INFO - ROWS FETCHED: 0
2026-05-08 20:23:06,087 - INFO - NO NEW ROWS -> campaign_segments
2026-05-08 20:23:06,087 - INFO - SYNC STARTED -> campaign_segment_batch_transactions
2026-05-08 20:23:06,087 - INFO - SELECT csbt.id, csbt.batch_id, csbt.email, csbt.email_hash, csbt.vendor_code, csbt.salutation, csbt.first_name, csbt.last_name, csbt.tal_company_name, csbt.li_company_name, csbt.domain, csbt.job_title, csbt.job_level, csbt.job_department, csbt.work_phone, csbt.headquarter_phone, csbt.contact_li_profile, csbt.address1, csbt.address2, csbt.city, csbt.state, csbt.zip_code, csbt.country, csbt.industry, csbt.sub_industry, csbt.sic_code, csbt.naics_code, csbt.employee_count, csbt.employee_range, csbt.revenue_count, csbt.revenue_range, csbt.company_li_profile, csbt.source, csbt.installbase_technology, csbt.email_validation_status, csbt.dataops_agent, csbt.dataops_timestamp, csbt.email_status, csbt.email_reason, csbt.asset1, csbt.asset2, csbt.ip_address, csbt.email_time_tool, csbt.email_agent, csbt.email_timestamp, csbt.quality_status, csbt.quality_reason, csbt.quality_agent, csbt.quality_timestamp, csbt.work_experience, csbt.activity, csbt.comments, csbt.dbr_status, csbt.dbr_reason, csbt.dbr_agent, csbt.dbr_timestamp, csbt.vv_number, csbt.vv_disposition, csbt.vv_agent, csbt.vv_timestamp, csbt.mis_status, csbt.mis_reason, csbt.mis_agent, csbt.mis_timestamp, csbt.is_deleted, csbt.created_at, csbt.updated_at FROM campaign_segment_batch_transactions csbt
                            WHERE csbt.updated_at > :last_sync
                        
2026-05-08 20:23:06,444 - INFO - ROWS FETCHED: 0
2026-05-08 20:23:06,445 - INFO - NO NEW ROWS -> campaign_segment_batch_transactions
2026-05-08 20:23:06,445 - INFO - SYNC STARTED -> sentinel_jobs
2026-05-08 20:23:06,445 - INFO - SELECT sj.id, sj.job_type, sj.department, sj.campaign_ids, sj.segment_ids, sj.batch_ids, sj.file_name, sj.file_path, sj.file_hash, sj.status, sj.priority, sj.attempts, sj.max_attempts, sj.created_at, sj.started_at, sj.completed_at, sj.output_file_name, sj.output_file_path, sj.invalid_file_name, sj.invalid_file_path, sj.error_message, sj.created_by FROM sentinel_jobs sj
                            WHERE sj.created_at > :last_sync
                        
2026-05-08 20:23:06,446 - INFO - ROWS FETCHED: 0
2026-05-08 20:23:06,446 - INFO - NO NEW ROWS -> sentinel_jobs
2026-05-08 20:23:06,446 - INFO - SYNC STARTED -> sentinel_jobs
2026-05-08 20:23:06,446 - INFO - SELECT sj.id, sj.job_type, sj.department, sj.campaign_ids, sj.segment_ids, sj.batch_ids, sj.file_name, sj.file_path, sj.file_hash, sj.status, sj.priority, sj.attempts, sj.max_attempts, sj.created_at, sj.started_at, sj.completed_at, sj.output_file_name, sj.output_file_path, sj.invalid_file_name, sj.invalid_file_path, sj.error_message, sj.created_by FROM sentinel_jobs sj
                            WHERE sj.created_at > :last_sync
                        
2026-05-08 20:23:06,447 - INFO - ROWS FETCHED: 0
2026-05-08 20:23:06,447 - INFO - NO NEW ROWS -> sentinel_jobs
2026-05-08 20:23:06,447 - INFO - SYNC STARTED -> sentinel_activity_logs
2026-05-08 20:23:06,447 - INFO - SELECT sal.id, sal.user_id, sal.job_id, sal.user_role, sal.department, sal.activity_type, sal.campaign_ids, sal.segment_ids, sal.batch_ids, sal.batch_status, sal.total_rows, sal.valid_rows, sal.invalid_rows, sal.file_name, sal.file_path, sal.file_link, sal.action_source, sal.remarks, sal.created_at FROM sentinel_activity_log sal
                            WHERE sal.created_at > :last_sync
                        
2026-05-08 20:23:06,449 - INFO - ROWS FETCHED: 0
2026-05-08 20:23:06,449 - INFO - NO NEW ROWS -> sentinel_activity_logs
2026-05-08 20:23:06,449 - INFO - SYNC STARTED -> sentinel_agent_productivity
2026-05-08 20:23:06,450 - INFO - SELECT sap.id, sap.agent_id, sap.agent_email, sap.department, sap.campaign_id, sap.segment_id, sap.batch_id, sap.total_rows, sap.valid_rows, sap.invalid_rows, sap.work_date, sap.derived_from, sap.created_at FROM sentinel_agent_productivity sap
                            WHERE sap.created_at > :last_sync
                        
2026-05-08 20:23:06,461 - INFO - ROWS FETCHED: 0
2026-05-08 20:23:06,461 - INFO - NO NEW ROWS -> sentinel_agent_productivity
2026-05-08 20:23:06,461 - INFO - SYNC STARTED -> campaign_segment_batches
2026-05-08 20:23:06,461 - INFO - SELECT csb.id, csb.campaign_id, csb.segment_id, csb.dataops_valid, csb.dataops_invalid, csb.dataops_total, csb.email_valid, csb.email_invalid, csb.email_total, csb.quality_valid, csb.quality_invalid, csb.quality_total, csb.dbr_valid, csb.dbr_invalid, csb.dbr_total, csb.vv_valid, csb.vv_invalid, csb.vv_total, csb.mis_valid, csb.mis_invalid, csb.mis_total, csb.priority, csb.batch_status, csb.created_by, csb.completed_at, csb.created_at, csb.updated_at FROM campaign_segment_batch csb
2026-05-08 20:23:06,475 - INFO - ROWS FETCHED: 438
2026-05-08 20:23:06,480 - INFO - 
                        INSERT INTO "campaign_segment_batches"
                        (batch_code, campaign_code, segment_code, dataops_valid, dataops_invalid, dataops_total, email_valid, email_invalid, email_total, quality_valid, quality_invalid, quality_total, dbr_valid, dbr_invalid, dbr_total, vv_valid, vv_invalid, vv_total, mis_valid, mis_invalid, mis_total, priority, status, created_by, completed_at, created_at, updated_at)
                        VALUES (:batch_code, :campaign_code, :segment_code, :dataops_valid, :dataops_invalid, :dataops_total, :email_valid, :email_invalid, :email_total, :quality_valid, :quality_invalid, :quality_total, :dbr_valid, :dbr_invalid, :dbr_total, :vv_valid, :vv_invalid, :vv_total, :mis_valid, :mis_invalid, :mis_total, :priority, :status, :created_by, :completed_at, :created_at, :updated_at)

                        ON CONFLICT (id)

                        DO UPDATE SET
                        batch_code = EXCLUDED.batch_code, campaign_code = EXCLUDED.campaign_code, segment_code = EXCLUDED.segment_code, dataops_valid = EXCLUDED.dataops_valid, dataops_invalid = EXCLUDED.dataops_invalid, dataops_total = EXCLUDED.dataops_total, email_valid = EXCLUDED.email_valid, email_invalid = EXCLUDED.email_invalid, email_total = EXCLUDED.email_total, quality_valid = EXCLUDED.quality_valid, quality_invalid = EXCLUDED.quality_invalid, quality_total = EXCLUDED.quality_total, dbr_valid = EXCLUDED.dbr_valid, dbr_invalid = EXCLUDED.dbr_invalid, dbr_total = EXCLUDED.dbr_total, vv_valid = EXCLUDED.vv_valid, vv_invalid = EXCLUDED.vv_invalid, vv_total = EXCLUDED.vv_total, mis_valid = EXCLUDED.mis_valid, mis_invalid = EXCLUDED.mis_invalid, mis_total = EXCLUDED.mis_total, priority = EXCLUDED.priority, status = EXCLUDED.status, created_by = EXCLUDED.created_by, completed_at = EXCLUDED.completed_at, created_at = EXCLUDED.created_at, updated_at = EXCLUDED.updated_at
                    
2026-05-08 20:23:06,581 - INFO - SYNC COMPLETED -> campaign_segment_batches
