2026-05-12 18:58:33,840 - INFO - SYNC STARTED -> users
2026-05-12 18:58:33,841 - INFO - SELECT u.id, u.email, u.password, u.activated, u.banned, u.modified, u.created, p.first_name, p.last_name, p.job_title, p.role, p.department FROM users u LEFT JOIN user_profiles p ON u.id = p.id
                            WHERE u.modified > :last_sync
                        
2026-05-12 18:58:33,844 - INFO - ROWS FETCHED: 0
2026-05-12 18:58:33,844 - INFO - NO NEW ROWS -> users
2026-05-12 18:58:33,844 - INFO - SYNC STARTED -> clients
2026-05-12 18:58:33,844 - INFO - SELECT c.id, c.name, c.code, c.address, c.country, c.assigned_to, c.contact_first_name, c.contact_last_name, c.contact_email, c.contact_office_no, c.contact_mobile_no, c.contact_designation, c.billing_name, c.billing_email, c.billing_address, c.billing_terms, c.status, c.created_by, c.modified_by, c.created_on, c.modified_on FROM clients c
                            WHERE c.modified_on > :last_sync
                        
2026-05-12 18:58:33,847 - INFO - ROWS FETCHED: 0
2026-05-12 18:58:33,847 - INFO - NO NEW ROWS -> clients
2026-05-12 18:58:33,847 - INFO - SYNC STARTED -> vendors
2026-05-12 18:58:33,847 - INFO - SELECT v.id, v.name, v.code, v.address, v.country, v.assigned_to, v.contact_first_name, v.contact_last_name, v.contact_email, v.contact_office_no, v.contact_mobile_no, v.contact_designation, v.billing_name, v.billing_email, v.billing_address, v.billing_terms, v.status, v.created_by, v.modified_by, v.created_on, v.modified_on FROM vendors v
                            WHERE v.modified_on > :last_sync
                        
2026-05-12 18:58:33,849 - INFO - ROWS FETCHED: 0
2026-05-12 18:58:33,849 - INFO - NO NEW ROWS -> vendors
2026-05-12 18:58:33,849 - INFO - SYNC STARTED -> campaigns
2026-05-12 18:58:33,876 - INFO - SELECT c.id, c.code, c.name, c.type, c.delivery_mode, c.delivery_method, c.client, c.status, c.start_date, c.end_date, c.allocation, c.delivered, c.accepted, c.rejected, c.currency, c.cpl, c.priority, c.comments, c.created_by, c.modified_by, c.created_on, c.modified_on FROM campaigns c
                            WHERE c.modified_on > :last_sync
                        
2026-05-12 18:58:33,880 - INFO - ROWS FETCHED: 0
2026-05-12 18:58:33,880 - INFO - NO NEW ROWS -> campaigns
2026-05-12 18:58:33,880 - INFO - SYNC STARTED -> campaign_segment_batch_transactions
2026-05-12 18:58:33,880 - INFO - SELECT csbt.id, csbt.batch_id, csbt.email, csbt.email_hash, csbt.vendor_code, csbt.salutation, csbt.first_name, csbt.last_name, csbt.tal_company_name, csbt.li_company_name, csbt.domain, csbt.job_title, csbt.job_level, csbt.job_department, csbt.work_phone, csbt.headquarter_phone, csbt.contact_li_profile, csbt.address1, csbt.address2, csbt.city, csbt.state, csbt.zip_code, csbt.country, csbt.industry, csbt.sub_industry, csbt.sic_code, csbt.naics_code, csbt.employee_count, csbt.employee_range, csbt.revenue_count, csbt.revenue_range, csbt.company_li_profile, csbt.source, csbt.installbase_technology, csbt.email_validation_status, csbt.dataops_agent, csbt.dataops_timestamp, csbt.email_status, csbt.email_reason, csbt.asset1, csbt.asset2, csbt.ip_address, csbt.email_time_tool, csbt.email_agent, csbt.email_timestamp, csbt.quality_status, csbt.quality_reason, csbt.quality_agent, csbt.quality_timestamp, csbt.work_experience, csbt.activity, csbt.comments, csbt.dbr_status, csbt.dbr_reason, csbt.dbr_agent, csbt.dbr_timestamp, csbt.vv_number, csbt.vv_disposition, csbt.vv_agent, csbt.vv_timestamp, csbt.mis_status, csbt.mis_reason, csbt.mis_agent, csbt.mis_timestamp, csbt.is_deleted, csbt.created_at, csbt.updated_at FROM campaign_segment_batch_transactions csbt
                            WHERE csbt.updated_at > :last_sync
                        
2026-05-12 18:58:34,292 - INFO - ROWS FETCHED: 0
2026-05-12 18:58:34,292 - INFO - NO NEW ROWS -> campaign_segment_batch_transactions
2026-05-12 18:58:34,292 - INFO - SYNC STARTED -> sentinel_jobs
2026-05-12 18:58:34,292 - INFO - SELECT sj.id, sj.job_type, sj.department, sj.campaign_ids, sj.segment_ids, sj.batch_ids, sj.file_name, sj.file_path, sj.file_hash, sj.status, sj.priority, sj.attempts, sj.max_attempts, sj.created_at, sj.started_at, sj.completed_at, sj.output_file_name, sj.output_file_path, sj.invalid_file_name, sj.invalid_file_path, sj.error_message, sj.created_by FROM sentinel_jobs sj
                            WHERE sj.created_at > :last_sync
                        
2026-05-12 18:58:34,294 - INFO - ROWS FETCHED: 0
2026-05-12 18:58:34,294 - INFO - NO NEW ROWS -> sentinel_jobs
2026-05-12 18:58:34,294 - INFO - SYNC STARTED -> sentinel_activity_logs
2026-05-12 18:58:34,294 - INFO - SELECT sal.id, sal.user_id, sal.job_id, sal.user_role, sal.department, sal.activity_type, sal.campaign_ids, sal.segment_ids, sal.batch_ids, sal.batch_status, sal.total_rows, sal.valid_rows, sal.invalid_rows, sal.file_name, sal.file_path, sal.file_link, sal.action_source, sal.remarks, sal.created_at FROM sentinel_activity_log sal
                            WHERE sal.created_at > :last_sync
                        
2026-05-12 18:58:34,295 - INFO - ROWS FETCHED: 0
2026-05-12 18:58:34,295 - INFO - NO NEW ROWS -> sentinel_activity_logs
2026-05-12 18:58:34,295 - INFO - SYNC STARTED -> sentinel_agent_productivity
2026-05-12 18:58:34,295 - INFO - SELECT sap.id, sap.agent_id, sap.agent_email, sap.department, sap.campaign_id, sap.segment_id, sap.batch_id, sap.total_rows, sap.valid_rows, sap.invalid_rows, sap.work_date, sap.derived_from, sap.created_at FROM sentinel_agent_productivity sap
                            WHERE sap.created_at > :last_sync
                        
2026-05-12 18:58:34,303 - INFO - ROWS FETCHED: 0
2026-05-12 18:58:34,303 - INFO - NO NEW ROWS -> sentinel_agent_productivity
2026-05-12 18:58:34,303 - INFO - SYNC STARTED -> dispositions
2026-05-12 18:58:34,303 - INFO - SELECT d.id, d.call_disposition, d.status, d.sentinel_status, d.date_entered, d.date_modified, d.created_by, d.modified_by, d.deleted, d.churnable FROM dispositions d
                            WHERE d.date_modified > :last_sync
                        
2026-05-12 18:58:34,304 - INFO - ROWS FETCHED: 0
2026-05-12 18:58:34,304 - INFO - NO NEW ROWS -> dispositions
2026-05-12 18:58:34,304 - INFO - SYNC STARTED -> campaign_segments
2026-05-12 18:58:34,305 - INFO - SELECT cs.id, cs.campaign_id, cs.title, cs.segment_start_date, cs.segment_end_date, cs.allocation, cs.delivered, cs.accepted, cs.rejected, cs.status, cs.deleted, cs.created_by, cs.modified_by, cs.created_on, cs.modified_on FROM campaign_segments cs
                            WHERE cs.modified_on > :last_sync
                        
2026-05-12 18:58:34,307 - INFO - ROWS FETCHED: 11
2026-05-12 18:58:34,308 - INFO - 
                        INSERT INTO "campaign_segments"
                        (segment_code, campaign_id, title, segment_start_date, segment_end_date, allocation, delivered, accepted, rejected, status, is_deleted, created_by, updated_by, created_at, updated_at)
                        VALUES (:segment_code, :campaign_id, :title, :segment_start_date, :segment_end_date, :allocation, :delivered, :accepted, :rejected, :status, :is_deleted, :created_by, :updated_by, :created_at, :updated_at)

                        ON CONFLICT (id)

                        DO UPDATE SET
                        segment_code = EXCLUDED.segment_code, campaign_id = EXCLUDED.campaign_id, title = EXCLUDED.title, segment_start_date = EXCLUDED.segment_start_date, segment_end_date = EXCLUDED.segment_end_date, allocation = EXCLUDED.allocation, delivered = EXCLUDED.delivered, accepted = EXCLUDED.accepted, rejected = EXCLUDED.rejected, status = EXCLUDED.status, is_deleted = EXCLUDED.is_deleted, created_by = EXCLUDED.created_by, updated_by = EXCLUDED.updated_by, created_at = EXCLUDED.created_at, updated_at = EXCLUDED.updated_at
                    
2026-05-12 18:58:34,309 - ERROR - SYNC FAILED -> campaign_segments
2026-05-12 18:58:34,310 - ERROR - (psycopg2.errors.UndefinedTable) relation "campaign_segments" does not exist
LINE 2:                         INSERT INTO "campaign_segments"
                                            ^

[SQL: 
                        INSERT INTO "campaign_segments"
                        (segment_code, campaign_id, title, segment_start_date, segment_end_date, allocation, delivered, accepted, rejected, status, is_deleted, created_by, updated_by, created_at, updated_at)
                        VALUES (%(segment_code)s, %(campaign_id)s, %(title)s, %(segment_start_date)s, %(segment_end_date)s, %(allocation)s, %(delivered)s, %(accepted)s, %(rejected)s, %(status)s, %(is_deleted)s, %(created_by)s, %(updated_by)s, %(created_at)s, %(updated_at)s)

                        ON CONFLICT (id)

                        DO UPDATE SET
                        segment_code = EXCLUDED.segment_code, campaign_id = EXCLUDED.campaign_id, title = EXCLUDED.title, segment_start_date = EXCLUDED.segment_start_date, segment_end_date = EXCLUDED.segment_end_date, allocation = EXCLUDED.allocation, delivered = EXCLUDED.delivered, accepted = EXCLUDED.accepted, rejected = EXCLUDED.rejected, status = EXCLUDED.status, is_deleted = EXCLUDED.is_deleted, created_by = EXCLUDED.created_by, updated_by = EXCLUDED.updated_by, created_at = EXCLUDED.created_at, updated_at = EXCLUDED.updated_at
                    ]
[parameters: [{'segment_code': '00022', 'campaign_id': 36, 'title': 'Cohesity (25Q4) NAM - COMM - FR - Security', 'segment_start_date': datetime.date(2026, 1, 28), 'segment_end_date': datetime.date(2026, 2, 20), 'allocation': 25, 'delivered': 25, 'accepted': 10, 'rejected': 0, 'status': 'Completed', 'is_deleted': False, 'created_by': 3, 'updated_by': 3, 'created_at': datetime.datetime(2026, 1, 28, 11, 32, 29), 'updated_at': datetime.datetime(2026, 5, 11, 16, 22, 6)}, {'segment_code': '00023', 'campaign_id': 36, 'title': 'Cohesity (25Q4) NAM - COMM - UK - Security', 'segment_start_date': datetime.date(2026, 1, 28), 'segment_end_date': datetime.date(2026, 2, 20), 'allocation': 80, 'delivered': 80, 'accepted': 56, 'rejected': 0, 'status': 'Completed', 'is_deleted': False, 'created_by': 7, 'updated_by': 3, 'created_at': datetime.datetime(2026, 1, 28, 12, 14, 12), 'updated_at': datetime.datetime(2026, 5, 11, 16, 22, 6)}, {'segment_code': '00024', 'campaign_id': 36, 'title': 'Cohesity (25Q4) NAM - COMM - CA - Security', 'segment_start_date': datetime.date(2026, 1, 28), 'segment_end_date': datetime.date(2026, 2, 20), 'allocation': 15, 'delivered': 15, 'accepted': 14, 'rejected': 0, 'status': 'Completed', 'is_deleted': False, 'created_by': 7, 'updated_by': 3, 'created_at': datetime.datetime(2026, 1, 28, 12, 14, 12), 'updated_at': datetime.datetime(2026, 5, 11, 16, 22, 6)}, {'segment_code': '00026', 'campaign_id': 37, 'title': 'SecurityScorecard (26Q1) - ANZ', 'segment_start_date': datetime.date(2026, 1, 30), 'segment_end_date': datetime.date(2026, 3, 23), 'allocation': 63, 'delivered': 136, 'accepted': 63, 'rejected': 0, 'status': 'Completed', 'is_deleted': False, 'created_by': 7, 'updated_by': 3, 'created_at': datetime.datetime(2026, 1, 30, 11, 20, 54), 'updated_at': datetime.datetime(2026, 5, 11, 16, 23, 33)}, {'segment_code': '00029', 'campaign_id': 38, 'title': 'Dell US (26Q1) MB MSFT BANT', 'segment_start_date': datetime.date(2026, 1, 30), 'segment_end_date': datetime.date(2026, 2, 20), 'allocation': 705, 'delivered': 1896, 'accepted': 595, 'rejected': 1301, 'status': 'Completed', 'is_deleted': False, 'created_by': 7, 'updated_by': 3, 'created_at': datetime.datetime(2026, 1, 30, 12, 48, 2), 'updated_at': datetime.datetime(2026, 5, 11, 16, 24, 40)}, {'segment_code': '0002A', 'campaign_id': 39, 'title': 'Dell US (26Q1) SB Intel L3 Partial BANT', 'segment_start_date': datetime.date(2026, 1, 30), 'segment_end_date': datetime.date(2026, 2, 20), 'allocation': 1284, 'delivered': 3026, 'accepted': 1033, 'rejected': 1959, 'status': 'Completed', 'is_deleted': False, 'created_by': 7, 'updated_by': 3, 'created_at': datetime.datetime(2026, 1, 30, 12, 50, 2), 'updated_at': datetime.datetime(2026, 5, 11, 16, 25, 20)}, {'segment_code': '00037', 'campaign_id': 37, 'title': 'SecurityScorecard (26Q1) - Indonesia', 'segment_start_date': datetime.date(2026, 1, 30), 'segment_end_date': datetime.date(2026, 3, 23), 'allocation': 62, 'delivered': 109, 'accepted': 62, 'rejected': 0, 'status': 'Completed', 'is_deleted': False, 'created_by': 7, 'updated_by': 3, 'created_at': datetime.datetime(2026, 2, 26, 15, 41, 47), 'updated_at': datetime.datetime(2026, 5, 11, 16, 23, 33)}, {'segment_code': '00038', 'campaign_id': 37, 'title': 'SecurityScorecard (26Q1) - Malaysia', 'segment_start_date': datetime.date(2026, 1, 30), 'segment_end_date': datetime.date(2026, 3, 23), 'allocation': 31, 'delivered': 86, 'accepted': 31, 'rejected': 0, 'status': 'Completed', 'is_deleted': False, 'created_by': 7, 'updated_by': 3, 'created_at': datetime.datetime(2026, 2, 26, 15, 41, 47), 'updated_at': datetime.datetime(2026, 5, 11, 16, 23, 33)}  ... displaying 10 of 11 total bound parameter sets ...  {'segment_code': '0003A', 'campaign_id': 37, 'title': 'SecurityScorecard (26Q1) - India', 'segment_start_date': datetime.date(2026, 1, 30), 'segment_end_date': datetime.date(2026, 3, 23), 'allocation': 32, 'delivered': 56, 'accepted': 32, 'rejected': 0, 'status': 'Completed', 'is_deleted': False, 'created_by': 7, 'updated_by': 3, 'created_at': datetime.datetime(2026, 2, 26, 15, 41, 47), 'updated_at': datetime.datetime(2026, 5, 11, 16, 23, 33)}, {'segment_code': '0003B', 'campaign_id': 37, 'title': 'SecurityScorecard (26Q1) - Sri Lanka', 'segment_start_date': datetime.date(2026, 1, 30), 'segment_end_date': datetime.date(2026, 3, 23), 'allocation': 31, 'delivered': 41, 'accepted': 31, 'rejected': 0, 'status': 'Completed', 'is_deleted': False, 'created_by': 7, 'updated_by': 3, 'created_at': datetime.datetime(2026, 2, 26, 15, 41, 47), 'updated_at': datetime.datetime(2026, 5, 11, 16, 23, 33)}]]
(Background on this error at: https://sqlalche.me/e/20/f405)
2026-05-12 18:58:34,310 - INFO - SYNC STARTED -> campaign_segment_batches
2026-05-12 18:58:34,310 - INFO - SELECT csb.id, csb.campaign_id, csb.segment_id, csb.dataops_valid, csb.dataops_invalid, csb.dataops_total, csb.email_valid, csb.email_invalid, csb.email_total, csb.quality_valid, csb.quality_invalid, csb.quality_total, csb.dbr_valid, csb.dbr_invalid, csb.dbr_total, csb.vv_valid, csb.vv_invalid, csb.vv_total, csb.mis_valid, csb.mis_invalid, csb.mis_total, csb.priority, csb.batch_status, csb.created_by, csb.completed_at, csb.created_at, csb.updated_at FROM campaign_segment_batch csb
2026-05-12 18:58:34,326 - INFO - ROWS FETCHED: 482
2026-05-12 18:58:34,332 - INFO - 
                        INSERT INTO "campaign_segment_batches"
                        (batch_code, campaign_code, segment_code, dataops_valid, dataops_invalid, dataops_total, email_valid, email_invalid, email_total, quality_valid, quality_invalid, quality_total, dbr_valid, dbr_invalid, dbr_total, vv_valid, vv_invalid, vv_total, mis_valid, mis_invalid, mis_total, priority, status, created_by, completed_at, created_at, updated_at)
                        VALUES (:batch_code, :campaign_code, :segment_code, :dataops_valid, :dataops_invalid, :dataops_total, :email_valid, :email_invalid, :email_total, :quality_valid, :quality_invalid, :quality_total, :dbr_valid, :dbr_invalid, :dbr_total, :vv_valid, :vv_invalid, :vv_total, :mis_valid, :mis_invalid, :mis_total, :priority, :status, :created_by, :completed_at, :created_at, :updated_at)

                        ON CONFLICT (id)

                        DO UPDATE SET
                        batch_code = EXCLUDED.batch_code, campaign_code = EXCLUDED.campaign_code, segment_code = EXCLUDED.segment_code, dataops_valid = EXCLUDED.dataops_valid, dataops_invalid = EXCLUDED.dataops_invalid, dataops_total = EXCLUDED.dataops_total, email_valid = EXCLUDED.email_valid, email_invalid = EXCLUDED.email_invalid, email_total = EXCLUDED.email_total, quality_valid = EXCLUDED.quality_valid, quality_invalid = EXCLUDED.quality_invalid, quality_total = EXCLUDED.quality_total, dbr_valid = EXCLUDED.dbr_valid, dbr_invalid = EXCLUDED.dbr_invalid, dbr_total = EXCLUDED.dbr_total, vv_valid = EXCLUDED.vv_valid, vv_invalid = EXCLUDED.vv_invalid, vv_total = EXCLUDED.vv_total, mis_valid = EXCLUDED.mis_valid, mis_invalid = EXCLUDED.mis_invalid, mis_total = EXCLUDED.mis_total, priority = EXCLUDED.priority, status = EXCLUDED.status, created_by = EXCLUDED.created_by, completed_at = EXCLUDED.completed_at, created_at = EXCLUDED.created_at, updated_at = EXCLUDED.updated_at
                    
2026-05-12 18:58:34,341 - ERROR - SYNC FAILED -> campaign_segment_batches
2026-05-12 18:58:34,341 - ERROR - (psycopg2.errors.UndefinedTable) relation "campaign_segment_batches" does not exist
LINE 2:                         INSERT INTO "campaign_segment_batche...
                                            ^

[SQL: 
                        INSERT INTO "campaign_segment_batches"
                        (batch_code, campaign_code, segment_code, dataops_valid, dataops_invalid, dataops_total, email_valid, email_invalid, email_total, quality_valid, quality_invalid, quality_total, dbr_valid, dbr_invalid, dbr_total, vv_valid, vv_invalid, vv_total, mis_valid, mis_invalid, mis_total, priority, status, created_by, completed_at, created_at, updated_at)
                        VALUES (%(batch_code)s, %(campaign_code)s, %(segment_code)s, %(dataops_valid)s, %(dataops_invalid)s, %(dataops_total)s, %(email_valid)s, %(email_invalid)s, %(email_total)s, %(quality_valid)s, %(quality_invalid)s, %(quality_total)s, %(dbr_valid)s, %(dbr_invalid)s, %(dbr_total)s, %(vv_valid)s, %(vv_invalid)s, %(vv_total)s, %(mis_valid)s, %(mis_invalid)s, %(mis_total)s, %(priority)s, %(status)s, %(created_by)s, %(completed_at)s, %(created_at)s, %(updated_at)s)

                        ON CONFLICT (id)

                        DO UPDATE SET
                        batch_code = EXCLUDED.batch_code, campaign_code = EXCLUDED.campaign_code, segment_code = EXCLUDED.segment_code, dataops_valid = EXCLUDED.dataops_valid, dataops_invalid = EXCLUDED.dataops_invalid, dataops_total = EXCLUDED.dataops_total, email_valid = EXCLUDED.email_valid, email_invalid = EXCLUDED.email_invalid, email_total = EXCLUDED.email_total, quality_valid = EXCLUDED.quality_valid, quality_invalid = EXCLUDED.quality_invalid, quality_total = EXCLUDED.quality_total, dbr_valid = EXCLUDED.dbr_valid, dbr_invalid = EXCLUDED.dbr_invalid, dbr_total = EXCLUDED.dbr_total, vv_valid = EXCLUDED.vv_valid, vv_invalid = EXCLUDED.vv_invalid, vv_total = EXCLUDED.vv_total, mis_valid = EXCLUDED.mis_valid, mis_invalid = EXCLUDED.mis_invalid, mis_total = EXCLUDED.mis_total, priority = EXCLUDED.priority, status = EXCLUDED.status, created_by = EXCLUDED.created_by, completed_at = EXCLUDED.completed_at, created_at = EXCLUDED.created_at, updated_at = EXCLUDED.updated_at
                    ]
[parameters: [{'batch_code': '00000D', 'campaign_code': 'PV01_230226_0047', 'segment_code': '0002Q', 'dataops_valid': 570, 'dataops_invalid': 0, 'dataops_total': 570, 'email_valid': 483, 'email_invalid': 86, 'email_total': 569, 'quality_valid': 105, 'quality_invalid': 98, 'quality_total': 203, 'dbr_valid': 104, 'dbr_invalid': 1, 'dbr_total': 105, 'vv_valid': 168, 'vv_invalid': 0, 'vv_total': 168, 'mis_valid': 115, 'mis_invalid': 21, 'mis_total': 136, 'priority': 'medium', 'status': 'Completed', 'created_by': 18, 'completed_at': None, 'created_at': datetime.datetime(2026, 2, 24, 10, 43, 1), 'updated_at': datetime.datetime(2026, 2, 25, 17, 56, 2)}, {'batch_code': '00000E', 'campaign_code': 'PV01_230226_0047', 'segment_code': '0002Q', 'dataops_valid': 296, 'dataops_invalid': 0, 'dataops_total': 296, 'email_valid': 249, 'email_invalid': 47, 'email_total': 296, 'quality_valid': 21, 'quality_invalid': 72, 'quality_total': 93, 'dbr_valid': 21, 'dbr_invalid': 0, 'dbr_total': 21, 'vv_valid': 21, 'vv_invalid': 0, 'vv_total': 21, 'mis_valid': 0, 'mis_invalid': 0, 'mis_total': 0, 'priority': 'medium', 'status': 'Completed', 'created_by': 29, 'completed_at': None, 'created_at': datetime.datetime(2026, 2, 24, 12, 23, 1), 'updated_at': datetime.datetime(2026, 2, 25, 16, 1, 3)}, {'batch_code': '00000F', 'campaign_code': 'PV01_230226_0047', 'segment_code': '0002Q', 'dataops_valid': 316, 'dataops_invalid': 163, 'dataops_total': 479, 'email_valid': 576, 'email_invalid': 45, 'email_total': 621, 'quality_valid': 36, 'quality_invalid': 44, 'quality_total': 80, 'dbr_valid': 36, 'dbr_invalid': 0, 'dbr_total': 36, 'vv_valid': 36, 'vv_invalid': 0, 'vv_total': 36, 'mis_valid': 6, 'mis_invalid': 7, 'mis_total': 13, 'priority': 'medium', 'status': 'Completed', 'created_by': 17, 'completed_at': None, 'created_at': datetime.datetime(2026, 2, 24, 12, 25, 1), 'updated_at': datetime.datetime(2026, 2, 25, 17, 56, 2)}, {'batch_code': '00000G', 'campaign_code': 'PV01_220126_0035', 'segment_code': '0001H', 'dataops_valid': 12, 'dataops_invalid': 13, 'dataops_total': 25, 'email_valid': 0, 'email_invalid': 0, 'email_total': 0, 'quality_valid': 0, 'quality_invalid': 0, 'quality_total': 0, 'dbr_valid': 0, 'dbr_invalid': 0, 'dbr_total': 0, 'vv_valid': 0, 'vv_invalid': 0, 'vv_total': 0, 'mis_valid': 0, 'mis_invalid': 0, 'mis_total': 0, 'priority': 'medium', 'status': 'Completed', 'created_by': 30, 'completed_at': None, 'created_at': datetime.datetime(2026, 2, 24, 12, 30, 1), 'updated_at': datetime.datetime(2026, 2, 24, 12, 30, 2)}, {'batch_code': '00000H', 'campaign_code': 'PV01_220126_0035', 'segment_code': '0001I', 'dataops_valid': 10, 'dataops_invalid': 5, 'dataops_total': 15, 'email_valid': 0, 'email_invalid': 0, 'email_total': 0, 'quality_valid': 0, 'quality_invalid': 0, 'quality_total': 0, 'dbr_valid': 0, 'dbr_invalid': 0, 'dbr_total': 0, 'vv_valid': 0, 'vv_invalid': 0, 'vv_total': 0, 'mis_valid': 0, 'mis_invalid': 0, 'mis_total': 0, 'priority': 'medium', 'status': 'Completed', 'created_by': 30, 'completed_at': None, 'created_at': datetime.datetime(2026, 2, 24, 12, 35, 2), 'updated_at': datetime.datetime(2026, 2, 24, 12, 35, 2)}, {'batch_code': '00000I', 'campaign_code': 'PV01_051225_0027', 'segment_code': '00011', 'dataops_valid': 139, 'dataops_invalid': 0, 'dataops_total': 139, 'email_valid': 278, 'email_invalid': 0, 'email_total': 278, 'quality_valid': 0, 'quality_invalid': 0, 'quality_total': 0, 'dbr_valid': 0, 'dbr_invalid': 0, 'dbr_total': 0, 'vv_valid': 0, 'vv_invalid': 0, 'vv_total': 0, 'mis_valid': 0, 'mis_invalid': 0, 'mis_total': 0, 'priority': 'medium', 'status': 'Completed', 'created_by': 17, 'completed_at': None, 'created_at': datetime.datetime(2026, 2, 25, 11, 43, 1), 'updated_at': datetime.datetime(2026, 2, 25, 16, 50, 6)}, {'batch_code': '00000J', 'campaign_code': 'PV01_051225_0027', 'segment_code': '0002Y', 'dataops_valid': 0, 'dataops_invalid': 0, 'dataops_total': 0, 'email_valid': 0, 'email_invalid': 0, 'email_total': 0, 'quality_valid': 0, 'quality_invalid': 0, 'quality_total': 0, 'dbr_valid': 0, 'dbr_invalid': 0, 'dbr_total': 0, 'vv_valid': 0, 'vv_invalid': 0, 'vv_total': 0, 'mis_valid': 0, 'mis_invalid': 0, 'mis_total': 0, 'priority': 'medium', 'status': 'Completed', 'created_by': 17, 'completed_at': None, 'created_at': datetime.datetime(2026, 2, 25, 11, 53, 1), 'updated_at': datetime.datetime(2026, 2, 25, 11, 53, 1)}, {'batch_code': '00000K', 'campaign_code': 'PV01_051225_0027', 'segment_code': '0002Y', 'dataops_valid': 97, 'dataops_invalid': 0, 'dataops_total': 97, 'email_valid': 97, 'email_invalid': 0, 'email_total': 97, 'quality_valid': 0, 'quality_invalid': 0, 'quality_total': 0, 'dbr_valid': 0, 'dbr_invalid': 0, 'dbr_total': 0, 'vv_valid': 0, 'vv_invalid': 0, 'vv_total': 0, 'mis_valid': 0, 'mis_invalid': 0, 'mis_total': 0, 'priority': 'medium', 'status': 'Completed', 'created_by': 17, 'completed_at': None, 'created_at': datetime.datetime(2026, 2, 25, 12, 54, 2), 'updated_at': datetime.datetime(2026, 2, 25, 16, 50, 6)}  ... displaying 10 of 482 total bound parameter sets ...  {'batch_code': '0000DP', 'campaign_code': 'PV01_310326_0057', 'segment_code': '00075', 'dataops_valid': 177, 'dataops_invalid': 0, 'dataops_total': 177, 'email_valid': 157, 'email_invalid': 20, 'email_total': 177, 'quality_valid': 0, 'quality_invalid': 0, 'quality_total': 0, 'dbr_valid': 0, 'dbr_invalid': 0, 'dbr_total': 0, 'vv_valid': 0, 'vv_invalid': 0, 'vv_total': 0, 'mis_valid': 0, 'mis_invalid': 0, 'mis_total': 0, 'priority': 'medium', 'status': 'Completed', 'created_by': 30, 'completed_at': None, 'created_at': datetime.datetime(2026, 5, 12, 11, 52, 2), 'updated_at': datetime.datetime(2026, 5, 12, 13, 18, 6)}, {'batch_code': '0000DQ', 'campaign_code': 'PV01_240326_0054', 'segment_code': '0006U', 'dataops_valid': 46, 'dataops_invalid': 0, 'dataops_total': 46, 'email_valid': 0, 'email_invalid': 0, 'email_total': 0, 'quality_valid': 0, 'quality_invalid': 0, 'quality_total': 0, 'dbr_valid': 0, 'dbr_invalid': 0, 'dbr_total': 0, 'vv_valid': 0, 'vv_invalid': 0, 'vv_total': 0, 'mis_valid': 0, 'mis_invalid': 0, 'mis_total': 0, 'priority': 'medium', 'status': 'Completed', 'created_by': 18, 'completed_at': None, 'created_at': datetime.datetime(2026, 5, 12, 12, 40, 2), 'updated_at': datetime.datetime(2026, 5, 12, 12, 40, 2)}]]
(Background on this error at: https://sqlalche.me/e/20/f405)
