2026-05-07 13:50:33,020 - INFO - SYNC STARTED: users -> users_list
2026-05-07 13:50:33,020 - INFO - TRUNCATE TABLE "users_list"
2026-05-07 13:50:33,023 - INFO - 
                        SELECT id, email, activated, banned, modified, created
                        FROM users
                    
2026-05-07 13:50:33,024 - INFO - ROWS FETCHED: 31
2026-05-07 13:50:33,024 - INFO - 
                        INSERT INTO "users_list"
                        (id, email, is_active, is_deleted, updated_at, created_at)
                        VALUES (:id, :email, :is_active, :is_deleted, :updated_at, :created_at)
                    
2026-05-07 13:52:08,605 - INFO - SYNC STARTED: users -> users_list
2026-05-07 13:52:08,609 - INFO - TRUNCATE TABLE "users_list"
2026-05-07 13:52:08,612 - INFO - 
                        SELECT id, email, activated, banned, modified, created
                        FROM users
                    
2026-05-07 13:52:08,615 - INFO - ROWS FETCHED: 31
2026-05-07 13:52:08,616 - INFO - 
                        INSERT INTO "users_list"
                        (id, email, is_active, is_deleted, updated_at, created_at)
                        VALUES (:id, :email, :is_active, :is_deleted, :updated_at, :created_at)
                    
